INFO 2024-02-15 20:55:52,012 autoreload 16524 17816 Watching for file changes with StatReloader
INFO 2024-02-15 21:00:28,275 autoreload 15212 18240 Watching for file changes with StatReloader
INFO 2024-02-15 21:01:20,993 autoreload 15212 18240 C:\Users\RND\Documents\RP\19_Django\Sem\DjangoSem\myproject\articleapp\urls.py changed, reloading.
INFO 2024-02-15 21:01:21,936 autoreload 1332 8520 Watching for file changes with StatReloader
INFO 2024-02-15 21:01:47,097 autoreload 1332 8520 C:\Users\RND\Documents\RP\19_Django\Sem\DjangoSem\myproject\articleapp\urls.py changed, reloading.
INFO 2024-02-15 21:01:47,994 autoreload 2752 8244 Watching for file changes with StatReloader
WARNING 2024-02-15 21:02:06,846 log 2752 18328 Not Found: /
WARNING 2024-02-15 21:02:06,848 basehttp 2752 18328 "GET / HTTP/1.1" 404 2243
WARNING 2024-02-15 21:02:07,013 log 2752 18328 Not Found: /favicon.ico
WARNING 2024-02-15 21:02:07,013 basehttp 2752 18328 "GET /favicon.ico HTTP/1.1" 404 2294
WARNING 2024-02-15 21:02:21,333 log 2752 18328 Not Found: /headtails
WARNING 2024-02-15 21:02:21,333 basehttp 2752 18328 "GET /headtails HTTP/1.1" 404 2288
INFO 2024-02-15 21:03:13,400 autoreload 2752 8244 C:\Users\RND\Documents\RP\19_Django\Sem\DjangoSem\myproject\myproject\urls.py changed, reloading.
INFO 2024-02-15 21:03:14,311 autoreload 1080 15020 Watching for file changes with StatReloader
WARNING 2024-02-15 21:03:31,297 log 1080 18240 Not Found: /randomapp/headtails
WARNING 2024-02-15 21:03:31,297 basehttp 1080 18240 "GET /randomapp/headtails HTTP/1.1" 404 2438
INFO 2024-02-15 21:03:54,911 autoreload 1080 15020 C:\Users\RND\Documents\RP\19_Django\Sem\DjangoSem\myproject\randomapp\urls.py changed, reloading.
INFO 2024-02-15 21:03:55,912 autoreload 3080 16436 Watching for file changes with StatReloader
INFO 2024-02-15 21:03:57,556 basehttp 3080 16516 "GET /randomapp/headtails HTTP/1.1" 301 0
ERROR 2024-02-15 21:03:57,659 log 3080 4372 Internal Server Error: /randomapp/headtails/
Traceback (most recent call last):
  File "C:\Users\RND\Documents\RP\19_Django\Sem\DjangoSem\.venv\Lib\site-packages\django\core\handlers\exception.py", line 55, in inner
    response = get_response(request)
               ^^^^^^^^^^^^^^^^^^^^^
  File "C:\Users\RND\Documents\RP\19_Django\Sem\DjangoSem\.venv\Lib\site-packages\django\core\handlers\base.py", line 197, in _get_response
    response = wrapped_callback(request, *callback_args, **callback_kwargs)
               ^^^^^^^^^^^^^^^^^^^^^^^^^^^^^^^^^^^^^^^^^^^^^^^^^^^^^^^^^^^^
TypeError: head_tails() takes 0 positional arguments but 1 was given
ERROR 2024-02-15 21:03:57,659 basehttp 3080 4372 "GET /randomapp/headtails/ HTTP/1.1" 500 63730
INFO 2024-02-15 21:05:00,156 autoreload 3080 16436 C:\Users\RND\Documents\RP\19_Django\Sem\DjangoSem\myproject\randomapp\views.py changed, reloading.
INFO 2024-02-15 21:05:01,103 autoreload 16996 1724 Watching for file changes with StatReloader
INFO 2024-02-15 21:05:05,048 autoreload 16996 1724 C:\Users\RND\Documents\RP\19_Django\Sem\DjangoSem\myproject\randomapp\views.py changed, reloading.
INFO 2024-02-15 21:05:05,960 autoreload 5672 2220 Watching for file changes with StatReloader
INFO 2024-02-15 21:05:10,999 autoreload 5672 2220 C:\Users\RND\Documents\RP\19_Django\Sem\DjangoSem\myproject\randomapp\views.py changed, reloading.
INFO 2024-02-15 21:05:11,932 autoreload 12888 4556 Watching for file changes with StatReloader
INFO 2024-02-15 21:05:31,855 autoreload 12888 4556 C:\Users\RND\Documents\RP\19_Django\Sem\DjangoSem\myproject\randomapp\views.py changed, reloading.
INFO 2024-02-15 21:05:32,787 autoreload 4052 4888 Watching for file changes with StatReloader
ERROR 2024-02-15 21:05:39,995 log 4052 11600 Internal Server Error: /randomapp/headtails/
Traceback (most recent call last):
  File "C:\Users\RND\Documents\RP\19_Django\Sem\DjangoSem\.venv\Lib\site-packages\django\core\handlers\exception.py", line 55, in inner
    response = get_response(request)
               ^^^^^^^^^^^^^^^^^^^^^
  File "C:\Users\RND\Documents\RP\19_Django\Sem\DjangoSem\.venv\Lib\site-packages\django\core\handlers\base.py", line 197, in _get_response
    response = wrapped_callback(request, *callback_args, **callback_kwargs)
               ^^^^^^^^^^^^^^^^^^^^^^^^^^^^^^^^^^^^^^^^^^^^^^^^^^^^^^^^^^^^
TypeError: head_tails() takes 0 positional arguments but 1 was given
ERROR 2024-02-15 21:05:40,003 basehttp 4052 11600 "GET /randomapp/headtails/ HTTP/1.1" 500 63730
ERROR 2024-02-15 21:05:41,011 log 4052 11600 Internal Server Error: /randomapp/headtails/
Traceback (most recent call last):
  File "C:\Users\RND\Documents\RP\19_Django\Sem\DjangoSem\.venv\Lib\site-packages\django\core\handlers\exception.py", line 55, in inner
    response = get_response(request)
               ^^^^^^^^^^^^^^^^^^^^^
  File "C:\Users\RND\Documents\RP\19_Django\Sem\DjangoSem\.venv\Lib\site-packages\django\core\handlers\base.py", line 197, in _get_response
    response = wrapped_callback(request, *callback_args, **callback_kwargs)
               ^^^^^^^^^^^^^^^^^^^^^^^^^^^^^^^^^^^^^^^^^^^^^^^^^^^^^^^^^^^^
TypeError: head_tails() takes 0 positional arguments but 1 was given
ERROR 2024-02-15 21:05:41,011 basehttp 4052 11600 "GET /randomapp/headtails/ HTTP/1.1" 500 63730
ERROR 2024-02-15 21:05:41,853 log 4052 11600 Internal Server Error: /randomapp/headtails/
Traceback (most recent call last):
  File "C:\Users\RND\Documents\RP\19_Django\Sem\DjangoSem\.venv\Lib\site-packages\django\core\handlers\exception.py", line 55, in inner
    response = get_response(request)
               ^^^^^^^^^^^^^^^^^^^^^
  File "C:\Users\RND\Documents\RP\19_Django\Sem\DjangoSem\.venv\Lib\site-packages\django\core\handlers\base.py", line 197, in _get_response
    response = wrapped_callback(request, *callback_args, **callback_kwargs)
               ^^^^^^^^^^^^^^^^^^^^^^^^^^^^^^^^^^^^^^^^^^^^^^^^^^^^^^^^^^^^
TypeError: head_tails() takes 0 positional arguments but 1 was given
ERROR 2024-02-15 21:05:41,853 basehttp 4052 11600 "GET /randomapp/headtails/ HTTP/1.1" 500 63730
INFO 2024-02-15 21:09:04,809 autoreload 4052 4888 C:\Users\RND\Documents\RP\19_Django\Sem\DjangoSem\myproject\articleapp\views.py changed, reloading.
INFO 2024-02-15 21:09:05,747 autoreload 5552 14936 Watching for file changes with StatReloader
INFO 2024-02-15 21:10:38,005 autoreload 5552 14936 C:\Users\RND\Documents\RP\19_Django\Sem\DjangoSem\myproject\articleapp\urls.py changed, reloading.
INFO 2024-02-15 21:10:39,016 autoreload 11776 9944 Watching for file changes with StatReloader
INFO 2024-02-15 21:10:57,162 basehttp 11776 13064 "GET /artcleapp/ HTTP/1.1" 200 13
INFO 2024-02-15 21:11:04,278 basehttp 11776 13064 "GET /artcleapp/about HTTP/1.1" 301 0
INFO 2024-02-15 21:11:04,293 basehttp 11776 11532 "GET /artcleapp/about/ HTTP/1.1" 200 8
INFO 2024-02-15 21:12:28,652 autoreload 11776 9944 C:\Users\RND\Documents\RP\19_Django\Sem\DjangoSem\myproject\myproject\settings.py changed, reloading.
INFO 2024-02-15 21:12:29,629 autoreload 14172 7940 Watching for file changes with StatReloader
INFO 2024-02-15 21:14:01,981 autoreload 14172 7940 C:\Users\RND\Documents\RP\19_Django\Sem\DjangoSem\myproject\articleapp\views.py changed, reloading.
INFO 2024-02-15 21:14:02,964 autoreload 13380 3524 Watching for file changes with StatReloader
INFO 2024-02-15 21:14:17,009 basehttp 13380 9692 "GET /artcleapp/ HTTP/1.1" 200 30
INFO 2024-02-15 21:15:03,765 autoreload 13380 3524 C:\Users\RND\Documents\RP\19_Django\Sem\DjangoSem\myproject\randomapp\views.py changed, reloading.
INFO 2024-02-15 21:15:04,710 autoreload 13320 3368 Watching for file changes with StatReloader
WARNING 2024-02-15 21:15:15,824 log 13320 11764 Not Found: /randomapp
WARNING 2024-02-15 21:15:15,824 basehttp 13320 11764 "GET /randomapp HTTP/1.1" 404 2327
WARNING 2024-02-15 21:15:28,252 log 13320 11764 Not Found: /randomapp/
WARNING 2024-02-15 21:15:28,253 basehttp 13320 11764 "GET /randomapp/ HTTP/1.1" 404 2411
INFO 2024-02-15 21:16:06,649 autoreload 13320 3368 C:\Users\RND\Documents\RP\19_Django\Sem\DjangoSem\myproject\randomapp\urls.py changed, reloading.
INFO 2024-02-15 21:16:07,573 autoreload 3768 9048 Watching for file changes with StatReloader
INFO 2024-02-15 21:16:13,213 basehttp 3768 4072 "GET /randomapp/ HTTP/1.1" 200 5
INFO 2024-02-15 21:16:57,744 autoreload 3768 9048 C:\Users\RND\Documents\RP\19_Django\Sem\DjangoSem\myproject\randomapp\urls.py changed, reloading.
INFO 2024-02-15 21:16:58,694 autoreload 17608 5104 Watching for file changes with StatReloader
INFO 2024-02-15 21:17:01,635 basehttp 17608 688 "GET /randomapp/ HTTP/1.1" 200 29
INFO 2024-02-15 21:17:13,242 basehttp 17608 688 "GET /randomapp/headtails/ HTTP/1.1" 200 5
INFO 2024-02-15 21:17:17,008 basehttp 17608 688 "GET /randomapp/headtails/ HTTP/1.1" 200 5
INFO 2024-02-15 21:17:17,509 basehttp 17608 688 "GET /randomapp/headtails/ HTTP/1.1" 200 5
INFO 2024-02-15 21:17:17,993 basehttp 17608 688 "GET /randomapp/headtails/ HTTP/1.1" 200 5
INFO 2024-02-15 21:17:19,230 basehttp 17608 688 "GET /randomapp/headtails/ HTTP/1.1" 200 5
INFO 2024-02-15 21:19:14,124 autoreload 17608 5104 C:\Users\RND\Documents\RP\19_Django\Sem\DjangoSem\myproject\randomapp\views.py changed, reloading.
INFO 2024-02-15 21:19:15,098 autoreload 18328 5448 Watching for file changes with StatReloader
INFO 2024-02-15 21:19:21,192 autoreload 18328 5448 C:\Users\RND\Documents\RP\19_Django\Sem\DjangoSem\myproject\randomapp\views.py changed, reloading.
INFO 2024-02-15 21:19:22,143 autoreload 5076 5892 Watching for file changes with StatReloader
INFO 2024-02-15 21:21:36,110 autoreload 5076 5892 C:\Users\RND\Documents\RP\19_Django\Sem\DjangoSem\myproject\randomapp\views.py changed, reloading.
INFO 2024-02-15 21:21:37,145 autoreload 4368 15188 Watching for file changes with StatReloader
INFO 2024-02-15 21:22:24,633 autoreload 4368 15188 C:\Users\RND\Documents\RP\19_Django\Sem\DjangoSem\myproject\randomapp\views.py changed, reloading.
INFO 2024-02-15 21:22:25,546 autoreload 11560 12980 Watching for file changes with StatReloader
INFO 2024-02-15 21:22:44,476 autoreload 11560 12980 C:\Users\RND\Documents\RP\19_Django\Sem\DjangoSem\myproject\randomapp\views.py changed, reloading.
INFO 2024-02-15 21:22:45,390 autoreload 8328 6000 Watching for file changes with StatReloader
INFO 2024-02-15 21:22:54,736 autoreload 8328 6000 C:\Users\RND\Documents\RP\19_Django\Sem\DjangoSem\myproject\randomapp\views.py changed, reloading.
INFO 2024-02-15 21:22:55,674 autoreload 14892 1580 Watching for file changes with StatReloader
INFO 2024-02-15 21:23:29,532 autoreload 14892 1580 C:\Users\RND\Documents\RP\19_Django\Sem\DjangoSem\myproject\randomapp\urls.py changed, reloading.
INFO 2024-02-15 21:23:30,442 autoreload 16224 9920 Watching for file changes with StatReloader
INFO 2024-02-15 21:24:07,414 autoreload 16224 9920 C:\Users\RND\Documents\RP\19_Django\Sem\DjangoSem\myproject\randomapp\urls.py changed, reloading.
INFO 2024-02-15 21:24:08,360 autoreload 9704 10508 Watching for file changes with StatReloader
INFO 2024-02-15 21:24:28,532 basehttp 9704 11692 "GET /randomapp/headtails/ HTTP/1.1" 200 14
INFO 2024-02-15 21:24:30,658 basehttp 9704 11692 "GET /randomapp/headtails/ HTTP/1.1" 200 14
INFO 2024-02-15 21:24:31,104 basehttp 9704 11692 "GET /randomapp/headtails/ HTTP/1.1" 200 14
INFO 2024-02-15 21:24:31,443 basehttp 9704 11692 "GET /randomapp/headtails/ HTTP/1.1" 200 14
INFO 2024-02-15 21:24:31,743 basehttp 9704 11692 "GET /randomapp/headtails/ HTTP/1.1" 200 14
INFO 2024-02-15 21:24:36,479 basehttp 9704 11692 "GET /randomapp/dice/ HTTP/1.1" 200 10
INFO 2024-02-15 21:24:39,823 basehttp 9704 11692 "GET /randomapp/dice/ HTTP/1.1" 200 10
INFO 2024-02-15 21:24:40,343 basehttp 9704 11692 "GET /randomapp/dice/ HTTP/1.1" 200 10
INFO 2024-02-15 21:24:40,627 basehttp 9704 11692 "GET /randomapp/dice/ HTTP/1.1" 200 10
INFO 2024-02-15 21:24:40,910 basehttp 9704 11692 "GET /randomapp/dice/ HTTP/1.1" 200 10
INFO 2024-02-15 21:24:41,143 basehttp 9704 11692 "GET /randomapp/dice/ HTTP/1.1" 200 10
INFO 2024-02-15 21:24:41,551 basehttp 9704 11692 "GET /randomapp/dice/ HTTP/1.1" 200 10
INFO 2024-02-15 21:24:41,761 basehttp 9704 11692 "GET /randomapp/dice/ HTTP/1.1" 200 10
INFO 2024-02-15 21:24:41,952 basehttp 9704 11692 "GET /randomapp/dice/ HTTP/1.1" 200 10
INFO 2024-02-15 21:24:42,155 basehttp 9704 11692 "GET /randomapp/dice/ HTTP/1.1" 200 10
INFO 2024-02-15 21:24:42,403 basehttp 9704 11692 "GET /randomapp/dice/ HTTP/1.1" 200 10
INFO 2024-02-15 21:24:42,632 basehttp 9704 11692 "GET /randomapp/dice/ HTTP/1.1" 200 10
INFO 2024-02-15 21:24:55,327 basehttp 9704 11692 "GET /randomapp/randomint/ HTTP/1.1" 200 11
INFO 2024-02-15 21:24:59,514 basehttp 9704 11692 "GET /randomapp/randomint/ HTTP/1.1" 200 11
INFO 2024-02-15 21:24:59,772 basehttp 9704 11692 "GET /randomapp/randomint/ HTTP/1.1" 200 11
INFO 2024-02-15 21:24:59,986 basehttp 9704 11692 "GET /randomapp/randomint/ HTTP/1.1" 200 11
INFO 2024-02-15 21:25:00,150 basehttp 9704 11692 "GET /randomapp/randomint/ HTTP/1.1" 200 11
INFO 2024-02-15 21:25:00,326 basehttp 9704 11692 "GET /randomapp/randomint/ HTTP/1.1" 200 11
INFO 2024-02-15 21:25:00,493 basehttp 9704 11692 "GET /randomapp/randomint/ HTTP/1.1" 200 11
INFO 2024-02-15 21:25:00,626 basehttp 9704 11692 "GET /randomapp/randomint/ HTTP/1.1" 200 11
INFO 2024-02-15 21:25:01,164 basehttp 9704 11692 "GET /randomapp/randomint/ HTTP/1.1" 200 10
INFO 2024-02-15 21:25:01,381 basehttp 9704 11692 "GET /randomapp/randomint/ HTTP/1.1" 200 11
INFO 2024-02-15 21:25:01,899 basehttp 9704 11692 "GET /randomapp/randomint/ HTTP/1.1" 200 11
INFO 2024-02-15 21:25:02,078 basehttp 9704 11692 "GET /randomapp/randomint/ HTTP/1.1" 200 11
INFO 2024-02-15 21:25:02,259 basehttp 9704 11692 "GET /randomapp/randomint/ HTTP/1.1" 200 11
INFO 2024-02-15 21:25:02,440 basehttp 9704 11692 "GET /randomapp/randomint/ HTTP/1.1" 200 11
INFO 2024-02-15 21:25:02,604 basehttp 9704 11692 "GET /randomapp/randomint/ HTTP/1.1" 200 11
INFO 2024-02-15 21:25:02,771 basehttp 9704 11692 "GET /randomapp/randomint/ HTTP/1.1" 200 10
INFO 2024-02-15 21:25:02,955 basehttp 9704 11692 "GET /randomapp/randomint/ HTTP/1.1" 200 11
INFO 2024-02-15 21:25:03,393 basehttp 9704 11692 "GET /randomapp/randomint/ HTTP/1.1" 200 11
INFO 2024-02-15 21:25:03,595 basehttp 9704 11692 "GET /randomapp/randomint/ HTTP/1.1" 200 11
INFO 2024-02-15 21:25:03,840 basehttp 9704 11692 "GET /randomapp/randomint/ HTTP/1.1" 200 11
INFO 2024-02-15 21:25:04,042 basehttp 9704 11692 "GET /randomapp/randomint/ HTTP/1.1" 200 11
INFO 2024-02-15 21:25:04,216 basehttp 9704 11692 "GET /randomapp/randomint/ HTTP/1.1" 200 11
INFO 2024-02-15 21:25:04,376 basehttp 9704 11692 "GET /randomapp/randomint/ HTTP/1.1" 200 11
INFO 2024-02-15 21:25:04,639 basehttp 9704 11692 "GET /randomapp/randomint/ HTTP/1.1" 200 11
INFO 2024-02-15 21:25:04,882 basehttp 9704 11692 "GET /randomapp/randomint/ HTTP/1.1" 200 11
INFO 2024-02-15 21:25:05,061 basehttp 9704 11692 "GET /randomapp/randomint/ HTTP/1.1" 200 11
INFO 2024-02-15 21:25:05,226 basehttp 9704 11692 "GET /randomapp/randomint/ HTTP/1.1" 200 10
INFO 2024-02-15 21:25:05,395 basehttp 9704 11692 "GET /randomapp/randomint/ HTTP/1.1" 200 11
INFO 2024-02-15 21:25:05,561 basehttp 9704 11692 "GET /randomapp/randomint/ HTTP/1.1" 200 11
INFO 2024-02-15 21:25:05,987 basehttp 9704 11692 "GET /randomapp/randomint/ HTTP/1.1" 200 11
INFO 2024-02-15 21:25:06,204 basehttp 9704 11692 "GET /randomapp/randomint/ HTTP/1.1" 200 11
INFO 2024-02-15 21:25:06,406 basehttp 9704 11692 "GET /randomapp/randomint/ HTTP/1.1" 200 11
INFO 2024-02-15 21:25:06,784 basehttp 9704 11692 "GET /randomapp/randomint/ HTTP/1.1" 200 11
INFO 2024-02-15 21:25:06,963 basehttp 9704 11692 "GET /randomapp/randomint/ HTTP/1.1" 200 10
INFO 2024-02-15 21:25:07,260 basehttp 9704 11692 "GET /randomapp/randomint/ HTTP/1.1" 200 10
INFO 2024-02-15 21:25:07,514 basehttp 9704 11692 "GET /randomapp/randomint/ HTTP/1.1" 200 11
INFO 2024-02-15 21:25:07,783 basehttp 9704 11692 "GET /randomapp/randomint/ HTTP/1.1" 200 11
INFO 2024-02-15 21:25:08,036 basehttp 9704 11692 "GET /randomapp/randomint/ HTTP/1.1" 200 11
INFO 2024-02-15 21:25:08,299 basehttp 9704 11692 "GET /randomapp/randomint/ HTTP/1.1" 200 11
INFO 2024-02-15 21:25:08,540 basehttp 9704 11692 "GET /randomapp/randomint/ HTTP/1.1" 200 11
INFO 2024-02-15 21:25:08,761 basehttp 9704 11692 "GET /randomapp/randomint/ HTTP/1.1" 200 11
INFO 2024-02-15 21:25:09,011 basehttp 9704 11692 "GET /randomapp/randomint/ HTTP/1.1" 200 11
INFO 2024-02-15 21:25:09,261 basehttp 9704 11692 "GET /randomapp/randomint/ HTTP/1.1" 200 11
INFO 2024-02-15 21:25:09,522 basehttp 9704 11692 "GET /randomapp/randomint/ HTTP/1.1" 200 10
INFO 2024-02-15 21:25:09,768 basehttp 9704 11692 "GET /randomapp/randomint/ HTTP/1.1" 200 11
INFO 2024-02-15 21:25:10,147 basehttp 9704 11692 "GET /randomapp/randomint/ HTTP/1.1" 200 11
INFO 2024-02-15 21:25:10,388 basehttp 9704 11692 "GET /randomapp/randomint/ HTTP/1.1" 200 10
INFO 2024-02-15 21:25:10,602 basehttp 9704 11692 "GET /randomapp/randomint/ HTTP/1.1" 200 10
INFO 2024-02-15 21:25:10,826 basehttp 9704 11692 "GET /randomapp/randomint/ HTTP/1.1" 200 10
INFO 2024-02-15 21:25:11,089 basehttp 9704 11692 "GET /randomapp/randomint/ HTTP/1.1" 200 11
INFO 2024-02-15 21:25:11,299 basehttp 9704 11692 "GET /randomapp/randomint/ HTTP/1.1" 200 11
INFO 2024-02-15 21:25:11,511 basehttp 9704 11692 "GET /randomapp/randomint/ HTTP/1.1" 200 11
INFO 2024-02-15 21:25:11,706 basehttp 9704 11692 "GET /randomapp/randomint/ HTTP/1.1" 200 11
INFO 2024-02-15 21:25:11,915 basehttp 9704 11692 "GET /randomapp/randomint/ HTTP/1.1" 200 11
INFO 2024-02-15 21:25:12,129 basehttp 9704 11692 "GET /randomapp/randomint/ HTTP/1.1" 200 11
INFO 2024-02-15 21:25:12,360 basehttp 9704 11692 "GET /randomapp/randomint/ HTTP/1.1" 200 11
INFO 2024-02-15 21:25:12,551 basehttp 9704 11692 "GET /randomapp/randomint/ HTTP/1.1" 200 11
INFO 2024-02-15 21:25:12,768 basehttp 9704 11692 "GET /randomapp/randomint/ HTTP/1.1" 200 11
INFO 2024-02-15 21:25:12,969 basehttp 9704 11692 "GET /randomapp/randomint/ HTTP/1.1" 200 11
INFO 2024-02-15 21:25:13,188 basehttp 9704 11692 "GET /randomapp/randomint/ HTTP/1.1" 200 10
INFO 2024-02-15 21:25:13,422 basehttp 9704 11692 "GET /randomapp/randomint/ HTTP/1.1" 200 11
INFO 2024-02-15 21:25:13,652 basehttp 9704 11692 "GET /randomapp/randomint/ HTTP/1.1" 200 11
INFO 2024-02-15 21:25:13,862 basehttp 9704 11692 "GET /randomapp/randomint/ HTTP/1.1" 200 11
INFO 2024-02-15 21:25:14,078 basehttp 9704 11692 "GET /randomapp/randomint/ HTTP/1.1" 200 11
INFO 2024-02-15 21:25:14,276 basehttp 9704 11692 "GET /randomapp/randomint/ HTTP/1.1" 200 10
INFO 2024-02-15 21:25:14,500 basehttp 9704 11692 "GET /randomapp/randomint/ HTTP/1.1" 200 11
INFO 2024-02-15 21:25:14,700 basehttp 9704 11692 "GET /randomapp/randomint/ HTTP/1.1" 200 11
INFO 2024-02-15 21:25:14,897 basehttp 9704 11692 "GET /randomapp/randomint/ HTTP/1.1" 200 11
INFO 2024-02-15 21:25:15,072 basehttp 9704 11692 "GET /randomapp/randomint/ HTTP/1.1" 200 11
INFO 2024-02-15 21:25:15,257 basehttp 9704 11692 "GET /randomapp/randomint/ HTTP/1.1" 200 11
INFO 2024-02-15 21:30:36,141 autoreload 9704 10508 C:\Users\RND\Documents\RP\19_Django\Sem\DjangoSem\myproject\articleapp\views.py changed, reloading.
INFO 2024-02-15 21:30:37,131 autoreload 7272 1404 Watching for file changes with StatReloader
INFO 2024-02-15 21:30:42,216 autoreload 7272 1404 C:\Users\RND\Documents\RP\19_Django\Sem\DjangoSem\myproject\articleapp\views.py changed, reloading.
INFO 2024-02-15 21:30:43,205 autoreload 2544 10496 Watching for file changes with StatReloader
INFO 2024-02-15 21:30:54,669 autoreload 2544 10496 C:\Users\RND\Documents\RP\19_Django\Sem\DjangoSem\myproject\articleapp\views.py changed, reloading.
INFO 2024-02-15 21:30:55,615 autoreload 13740 13428 Watching for file changes with StatReloader
INFO 2024-02-15 21:31:02,806 autoreload 13740 13428 C:\Users\RND\Documents\RP\19_Django\Sem\DjangoSem\myproject\articleapp\views.py changed, reloading.
INFO 2024-02-15 21:31:03,711 autoreload 7280 7052 Watching for file changes with StatReloader
INFO 2024-02-15 21:31:53,498 autoreload 7280 7052 C:\Users\RND\Documents\RP\19_Django\Sem\DjangoSem\myproject\articleapp\views.py changed, reloading.
INFO 2024-02-15 21:31:54,401 autoreload 17964 16948 Watching for file changes with StatReloader
INFO 2024-02-15 21:32:36,766 autoreload 17964 16948 C:\Users\RND\Documents\RP\19_Django\Sem\DjangoSem\myproject\articleapp\views.py changed, reloading.
INFO 2024-02-15 21:32:37,714 autoreload 4516 12312 Watching for file changes with StatReloader
INFO 2024-02-15 21:34:18,624 autoreload 4516 12312 C:\Users\RND\Documents\RP\19_Django\Sem\DjangoSem\myproject\randomapp\views.py changed, reloading.
INFO 2024-02-15 21:34:19,589 autoreload 9440 12220 Watching for file changes with StatReloader
INFO 2024-02-15 21:34:25,762 autoreload 9440 12220 C:\Users\RND\Documents\RP\19_Django\Sem\DjangoSem\myproject\randomapp\views.py changed, reloading.
INFO 2024-02-15 21:34:26,767 autoreload 11540 15088 Watching for file changes with StatReloader
INFO 2024-02-15 21:34:33,891 autoreload 11540 15088 C:\Users\RND\Documents\RP\19_Django\Sem\DjangoSem\myproject\randomapp\urls.py changed, reloading.
INFO 2024-02-15 21:34:34,861 autoreload 16872 14284 Watching for file changes with StatReloader
INFO 2024-02-15 21:37:18,955 autoreload 16872 14284 C:\Users\RND\Documents\RP\19_Django\Sem\DjangoSem\myproject\randomapp\views.py changed, reloading.
INFO 2024-02-15 21:37:19,890 autoreload 9184 11172 Watching for file changes with StatReloader
INFO 2024-02-15 21:37:45,077 autoreload 9184 11172 C:\Users\RND\Documents\RP\19_Django\Sem\DjangoSem\myproject\randomapp\urls.py changed, reloading.
INFO 2024-02-15 21:37:46,012 autoreload 14172 17704 Watching for file changes with StatReloader
INFO 2024-02-15 21:38:39,267 views 14172 7008 articleapp - index
INFO 2024-02-15 21:38:39,272 basehttp 14172 7008 "GET /artcleapp/ HTTP/1.1" 200 30
INFO 2024-02-15 21:38:49,747 views 14172 7008 articleapp - about us
INFO 2024-02-15 21:38:49,753 basehttp 14172 7008 "GET /artcleapp/about/ HTTP/1.1" 200 8
INFO 2024-02-15 21:39:03,682 views 14172 7008 ranadomapp - index
INFO 2024-02-15 21:39:03,682 basehttp 14172 7008 "GET /randomapp/ HTTP/1.1" 200 29
WARNING 2024-02-15 21:39:11,028 log 14172 7008 Not Found: /randomapp/headtails/
WARNING 2024-02-15 21:39:11,034 basehttp 14172 7008 "GET /randomapp/headtails/ HTTP/1.1" 404 2974
INFO 2024-02-15 21:39:15,411 views 14172 7008 heads and tails: HEADS
INFO 2024-02-15 21:39:15,411 basehttp 14172 7008 "GET /randomapp/headstails/ HTTP/1.1" 200 14
INFO 2024-02-15 21:39:19,675 views 14172 7008 heads and tails: TAILS
INFO 2024-02-15 21:39:19,678 basehttp 14172 7008 "GET /randomapp/headstails/ HTTP/1.1" 200 14
INFO 2024-02-15 21:39:20,681 views 14172 7008 heads and tails: TAILS
INFO 2024-02-15 21:39:20,683 basehttp 14172 7008 "GET /randomapp/headstails/ HTTP/1.1" 200 14
INFO 2024-02-15 21:39:21,296 views 14172 7008 heads and tails: TAILS
INFO 2024-02-15 21:39:21,297 basehttp 14172 7008 "GET /randomapp/headstails/ HTTP/1.1" 200 14
INFO 2024-02-15 21:39:22,045 views 14172 7008 heads and tails: TAILS
INFO 2024-02-15 21:39:22,057 basehttp 14172 7008 "GET /randomapp/headstails/ HTTP/1.1" 200 14
INFO 2024-02-15 21:39:23,286 views 14172 7008 heads and tails: TAILS
INFO 2024-02-15 21:39:23,295 basehttp 14172 7008 "GET /randomapp/headstails/ HTTP/1.1" 200 14
INFO 2024-02-15 21:39:24,698 views 14172 7008 heads and tails: TAILS
INFO 2024-02-15 21:39:24,698 basehttp 14172 7008 "GET /randomapp/headstails/ HTTP/1.1" 200 14
INFO 2024-02-15 21:39:25,537 views 14172 7008 heads and tails: HEADS
INFO 2024-02-15 21:39:25,537 basehttp 14172 7008 "GET /randomapp/headstails/ HTTP/1.1" 200 14
INFO 2024-02-15 21:39:40,430 views 14172 7008 dice: 3
INFO 2024-02-15 21:39:40,430 basehttp 14172 7008 "GET /randomapp/dice/ HTTP/1.1" 200 10
INFO 2024-02-15 21:39:44,871 views 14172 7008 dice: 1
INFO 2024-02-15 21:39:44,875 basehttp 14172 7008 "GET /randomapp/dice/ HTTP/1.1" 200 10
INFO 2024-02-15 21:39:45,248 views 14172 7008 dice: 6
INFO 2024-02-15 21:39:45,260 basehttp 14172 7008 "GET /randomapp/dice/ HTTP/1.1" 200 10
INFO 2024-02-15 21:39:45,602 views 14172 7008 dice: 2
INFO 2024-02-15 21:39:45,602 basehttp 14172 7008 "GET /randomapp/dice/ HTTP/1.1" 200 10
INFO 2024-02-15 21:39:45,913 views 14172 7008 dice: 3
INFO 2024-02-15 21:39:45,913 basehttp 14172 7008 "GET /randomapp/dice/ HTTP/1.1" 200 10
INFO 2024-02-15 21:39:46,206 views 14172 7008 dice: 4
INFO 2024-02-15 21:39:46,215 basehttp 14172 7008 "GET /randomapp/dice/ HTTP/1.1" 200 10
INFO 2024-02-15 21:39:46,463 views 14172 7008 dice: 6
INFO 2024-02-15 21:39:46,463 basehttp 14172 7008 "GET /randomapp/dice/ HTTP/1.1" 200 10
INFO 2024-02-15 21:39:46,719 views 14172 7008 dice: 3
INFO 2024-02-15 21:39:46,719 basehttp 14172 7008 "GET /randomapp/dice/ HTTP/1.1" 200 10
INFO 2024-02-15 21:39:46,952 views 14172 7008 dice: 3
INFO 2024-02-15 21:39:46,957 basehttp 14172 7008 "GET /randomapp/dice/ HTTP/1.1" 200 10
INFO 2024-02-15 21:39:47,166 views 14172 7008 dice: 4
INFO 2024-02-15 21:39:47,166 basehttp 14172 7008 "GET /randomapp/dice/ HTTP/1.1" 200 10
INFO 2024-02-15 21:40:02,508 views 14172 7008 dice: 0
INFO 2024-02-15 21:40:02,508 basehttp 14172 7008 "GET /randomapp/randomint/ HTTP/1.1" 200 10
INFO 2024-02-15 21:40:07,132 views 14172 7008 dice: 27
INFO 2024-02-15 21:40:07,135 basehttp 14172 7008 "GET /randomapp/randomint/ HTTP/1.1" 200 11
INFO 2024-02-15 21:40:07,585 views 14172 7008 dice: 79
INFO 2024-02-15 21:40:07,587 basehttp 14172 7008 "GET /randomapp/randomint/ HTTP/1.1" 200 11
INFO 2024-02-15 21:40:07,970 views 14172 7008 dice: 98
INFO 2024-02-15 21:40:07,971 basehttp 14172 7008 "GET /randomapp/randomint/ HTTP/1.1" 200 11
INFO 2024-02-15 21:40:08,285 views 14172 7008 dice: 22
INFO 2024-02-15 21:40:08,285 basehttp 14172 7008 "GET /randomapp/randomint/ HTTP/1.1" 200 11
INFO 2024-02-15 21:40:08,997 views 14172 7008 dice: 50
INFO 2024-02-15 21:40:08,997 basehttp 14172 7008 "GET /randomapp/randomint/ HTTP/1.1" 200 11
INFO 2024-02-15 21:40:09,270 views 14172 7008 dice: 76
INFO 2024-02-15 21:40:09,270 basehttp 14172 7008 "GET /randomapp/randomint/ HTTP/1.1" 200 11
INFO 2024-02-15 21:40:09,714 views 14172 7008 dice: 31
INFO 2024-02-15 21:40:09,715 basehttp 14172 7008 "GET /randomapp/randomint/ HTTP/1.1" 200 11
INFO 2024-02-15 21:40:10,299 views 14172 7008 dice: 31
INFO 2024-02-15 21:40:10,300 basehttp 14172 7008 "GET /randomapp/randomint/ HTTP/1.1" 200 11
INFO 2024-02-16 11:08:15,018 autoreload 7868 9184 Watching for file changes with StatReloader
WARNING 2024-02-16 11:08:26,823 log 7868 4868 Not Found: /
WARNING 2024-02-16 11:08:26,823 basehttp 7868 4868 "GET / HTTP/1.1" 404 2282
WARNING 2024-02-16 11:08:27,836 log 7868 4868 Not Found: /
WARNING 2024-02-16 11:08:27,838 basehttp 7868 4868 "GET / HTTP/1.1" 404 2282
WARNING 2024-02-16 11:08:27,956 log 7868 4868 Not Found: /favicon.ico
WARNING 2024-02-16 11:08:27,957 basehttp 7868 4868 "GET /favicon.ico HTTP/1.1" 404 2333
INFO 2024-02-16 11:08:49,731 basehttp 7868 22020 "GET /randomapp HTTP/1.1" 301 0
INFO 2024-02-16 11:08:49,736 views 7868 21652 ranadomapp - index
INFO 2024-02-16 11:08:49,736 basehttp 7868 21652 "GET /randomapp/ HTTP/1.1" 200 29
INFO 2024-02-16 11:09:15,405 basehttp 7868 6596 "GET /randomapp/headstails HTTP/1.1" 301 0
INFO 2024-02-16 11:09:15,412 views 7868 18728 HEADS
INFO 2024-02-16 11:09:15,414 views 7868 18728 HeadsTails #None Model created
INFO 2024-02-16 11:09:15,415 basehttp 7868 18728 "GET /randomapp/headstails/ HTTP/1.1" 200 41
INFO 2024-02-16 11:09:28,422 views 7868 18728 HEADS
INFO 2024-02-16 11:09:28,423 views 7868 18728 HeadsTails #None Model created
INFO 2024-02-16 11:09:28,424 basehttp 7868 18728 "GET /randomapp/headstails/ HTTP/1.1" 200 41
INFO 2024-02-16 11:09:29,942 views 7868 18728 HEADS
INFO 2024-02-16 11:09:29,944 views 7868 18728 HeadsTails #None Model created
INFO 2024-02-16 11:09:29,947 basehttp 7868 18728 "GET /randomapp/headstails/ HTTP/1.1" 200 41
INFO 2024-02-16 11:09:30,587 views 7868 18728 HEADS
INFO 2024-02-16 11:09:30,588 views 7868 18728 HeadsTails #None Model created
INFO 2024-02-16 11:09:30,592 basehttp 7868 18728 "GET /randomapp/headstails/ HTTP/1.1" 200 41
INFO 2024-02-16 11:10:39,442 autoreload 7868 9184 C:\Users\rprokopiev\Documents\Django\Sem\DjangoSem\myproject\randomapp\views.py changed, reloading.
INFO 2024-02-16 11:10:40,213 autoreload 17032 18100 Watching for file changes with StatReloader
INFO 2024-02-16 11:10:45,488 views 17032 8016 HEADS
ERROR 2024-02-16 11:10:45,592 log 17032 8016 Internal Server Error: /randomapp/headstails/
Traceback (most recent call last):
  File "C:\Users\rprokopiev\Documents\Django\Sem\DjangoSem\.venv\Lib\site-packages\django\core\handlers\exception.py", line 55, in inner
    response = get_response(request)
               ^^^^^^^^^^^^^^^^^^^^^
  File "C:\Users\rprokopiev\Documents\Django\Sem\DjangoSem\.venv\Lib\site-packages\django\core\handlers\base.py", line 197, in _get_response
    response = wrapped_callback(request, *callback_args, **callback_kwargs)
               ^^^^^^^^^^^^^^^^^^^^^^^^^^^^^^^^^^^^^^^^^^^^^^^^^^^^^^^^^^^^
  File "C:\Users\rprokopiev\Documents\Django\Sem\DjangoSem\myproject\randomapp\views.py", line 23, in heads_tails
    game_result.save()
  File "C:\Users\rprokopiev\Documents\Django\Sem\DjangoSem\.venv\Lib\site-packages\django\db\models\base.py", line 822, in save
    self.save_base(
  File "C:\Users\rprokopiev\Documents\Django\Sem\DjangoSem\.venv\Lib\site-packages\django\db\models\base.py", line 909, in save_base
    updated = self._save_table(
              ^^^^^^^^^^^^^^^^^
  File "C:\Users\rprokopiev\Documents\Django\Sem\DjangoSem\.venv\Lib\site-packages\django\db\models\base.py", line 1067, in _save_table
    results = self._do_insert(
              ^^^^^^^^^^^^^^^^
  File "C:\Users\rprokopiev\Documents\Django\Sem\DjangoSem\.venv\Lib\site-packages\django\db\models\base.py", line 1108, in _do_insert
    return manager._insert(
           ^^^^^^^^^^^^^^^^
  File "C:\Users\rprokopiev\Documents\Django\Sem\DjangoSem\.venv\Lib\site-packages\django\db\models\manager.py", line 87, in manager_method
    return getattr(self.get_queryset(), name)(*args, **kwargs)
           ^^^^^^^^^^^^^^^^^^^^^^^^^^^^^^^^^^^^^^^^^^^^^^^^^^^
  File "C:\Users\rprokopiev\Documents\Django\Sem\DjangoSem\.venv\Lib\site-packages\django\db\models\query.py", line 1847, in _insert
    return query.get_compiler(using=using).execute_sql(returning_fields)
           ^^^^^^^^^^^^^^^^^^^^^^^^^^^^^^^^^^^^^^^^^^^^^^^^^^^^^^^^^^^^^
  File "C:\Users\rprokopiev\Documents\Django\Sem\DjangoSem\.venv\Lib\site-packages\django\db\models\sql\compiler.py", line 1822, in execute_sql
    for sql, params in self.as_sql():
                       ^^^^^^^^^^^^^
  File "C:\Users\rprokopiev\Documents\Django\Sem\DjangoSem\.venv\Lib\site-packages\django\db\models\sql\compiler.py", line 1747, in as_sql
    self.prepare_value(field, self.pre_save_val(field, obj))
  File "C:\Users\rprokopiev\Documents\Django\Sem\DjangoSem\.venv\Lib\site-packages\django\db\models\sql\compiler.py", line 1686, in prepare_value
    return field.get_db_prep_save(value, connection=self.connection)
           ^^^^^^^^^^^^^^^^^^^^^^^^^^^^^^^^^^^^^^^^^^^^^^^^^^^^^^^^^
  File "C:\Users\rprokopiev\Documents\Django\Sem\DjangoSem\.venv\Lib\site-packages\django\db\models\fields\__init__.py", line 1013, in get_db_prep_save
    return self.get_db_prep_value(value, connection=connection, prepared=False)
           ^^^^^^^^^^^^^^^^^^^^^^^^^^^^^^^^^^^^^^^^^^^^^^^^^^^^^^^^^^^^^^^^^^^^
  File "C:\Users\rprokopiev\Documents\Django\Sem\DjangoSem\.venv\Lib\site-packages\django\db\models\fields\__init__.py", line 1006, in get_db_prep_value
    value = self.get_prep_value(value)
            ^^^^^^^^^^^^^^^^^^^^^^^^^^
  File "C:\Users\rprokopiev\Documents\Django\Sem\DjangoSem\.venv\Lib\site-packages\django\db\models\fields\__init__.py", line 1183, in get_prep_value
    return self.to_python(value)
           ^^^^^^^^^^^^^^^^^^^^^
  File "C:\Users\rprokopiev\Documents\Django\Sem\DjangoSem\.venv\Lib\site-packages\django\db\models\fields\__init__.py", line 1173, in to_python
    raise exceptions.ValidationError(
django.core.exceptions.ValidationError: ['“HEADS” value must be either True or False.']
ERROR 2024-02-16 11:10:45,606 basehttp 17032 8016 "GET /randomapp/headstails/ HTTP/1.1" 500 130506
INFO 2024-02-16 11:11:38,694 autoreload 17032 18100 C:\Users\rprokopiev\Documents\Django\Sem\DjangoSem\myproject\randomapp\models.py changed, reloading.
INFO 2024-02-16 11:11:39,642 autoreload 16236 17316 Watching for file changes with StatReloader
INFO 2024-02-16 11:11:47,831 views 16236 13844 HEADS
INFO 2024-02-16 11:11:47,892 views 16236 13844 HeadsTails #1 Model created
INFO 2024-02-16 11:11:47,894 basehttp 16236 13844 "GET /randomapp/headstails/ HTTP/1.1" 200 41
INFO 2024-02-16 11:11:50,602 views 16236 13844 HEADS
INFO 2024-02-16 11:11:50,629 views 16236 13844 HeadsTails #2 Model created
INFO 2024-02-16 11:11:50,630 basehttp 16236 13844 "GET /randomapp/headstails/ HTTP/1.1" 200 41
INFO 2024-02-16 11:11:51,190 views 16236 13844 HEADS
INFO 2024-02-16 11:11:51,216 views 16236 13844 HeadsTails #3 Model created
INFO 2024-02-16 11:11:51,218 basehttp 16236 13844 "GET /randomapp/headstails/ HTTP/1.1" 200 41
INFO 2024-02-19 14:58:08,157 autoreload 19760 20164 Watching for file changes with StatReloader
INFO 2024-02-19 14:59:54,684 autoreload 2824 8020 Watching for file changes with StatReloader
INFO 2024-02-19 15:00:13,730 autoreload 2824 8020 C:\Users\rprokopiev\Documents\Django\Sem\DjangoSem\myproject\myproject\urls.py changed, reloading.
INFO 2024-02-19 15:00:14,424 autoreload 15456 15668 Watching for file changes with StatReloader
INFO 2024-02-19 15:00:27,410 autoreload 15456 15668 C:\Users\rprokopiev\Documents\Django\Sem\DjangoSem\myproject\hw1app\urls.py changed, reloading.
INFO 2024-02-19 15:00:28,033 autoreload 14764 6960 Watching for file changes with StatReloader
WARNING 2024-02-19 15:00:31,018 log 14764 17456 Not Found: /
WARNING 2024-02-19 15:00:31,020 basehttp 14764 17456 "GET / HTTP/1.1" 404 2614
WARNING 2024-02-19 15:00:31,360 log 14764 17456 Not Found: /favicon.ico
WARNING 2024-02-19 15:00:31,362 basehttp 14764 17456 "GET /favicon.ico HTTP/1.1" 404 2665
INFO 2024-02-19 15:00:40,520 basehttp 14764 15508 "GET /hw1app HTTP/1.1" 301 0
INFO 2024-02-19 15:00:40,526 views 14764 1100 INDEX page raised
INFO 2024-02-19 15:00:40,527 basehttp 14764 1100 "GET /hw1app/ HTTP/1.1" 200 63
INFO 2024-02-19 15:00:47,371 basehttp 14764 3024 "GET /hw1app/about HTTP/1.1" 301 0
INFO 2024-02-19 15:00:47,377 views 14764 572 ABOUT page raised
INFO 2024-02-19 15:00:47,377 basehttp 14764 572 "GET /hw1app/about/ HTTP/1.1" 200 66
INFO 2024-02-19 15:00:54,062 basehttp 14764 4716 "GET /hw1app/main HTTP/1.1" 301 0
INFO 2024-02-19 15:00:54,067 views 14764 7944 MAIN page raised
INFO 2024-02-19 15:00:54,067 basehttp 14764 7944 "GET /hw1app/main/ HTTP/1.1" 200 62
WARNING 2024-02-19 15:01:05,308 log 14764 18580 Not Found: /about/
WARNING 2024-02-19 15:01:05,313 basehttp 14764 18580 "GET /about/ HTTP/1.1" 404 2650
WARNING 2024-02-19 15:01:07,574 log 14764 18580 Not Found: /articleapp
WARNING 2024-02-19 15:01:07,575 basehttp 14764 18580 "GET /articleapp HTTP/1.1" 404 2662
WARNING 2024-02-19 15:01:51,824 log 14764 10924 Not Found: /articleapp/
WARNING 2024-02-19 15:01:51,825 basehttp 14764 10924 "GET /articleapp/ HTTP/1.1" 404 2665
INFO 2024-02-19 15:02:37,997 autoreload 14764 6960 C:\Users\rprokopiev\Documents\Django\Sem\DjangoSem\myproject\myproject\settings.py changed, reloading.
INFO 2024-02-19 15:02:38,697 autoreload 9800 9900 Watching for file changes with StatReloader
WARNING 2024-02-19 15:02:43,331 log 9800 10488 Not Found: /articleapp/
WARNING 2024-02-19 15:02:43,332 basehttp 9800 10488 "GET /articleapp/ HTTP/1.1" 404 2665
INFO 2024-02-19 15:02:49,995 views 9800 2824 ranadomapp - index
INFO 2024-02-19 15:02:49,998 basehttp 9800 2824 "GET /randomapp/ HTTP/1.1" 200 29
INFO 2024-02-19 15:03:22,843 views 9800 10896 HEADS
INFO 2024-02-19 15:03:22,904 views 9800 10896 HeadsTails #9 Model created
INFO 2024-02-19 15:03:22,906 basehttp 9800 10896 "GET /randomapp/headstails/ HTTP/1.1" 200 41
INFO 2024-02-19 15:03:31,612 views 9800 9280 dice: 1
INFO 2024-02-19 15:03:31,615 basehttp 9800 9280 "GET /randomapp/dice/ HTTP/1.1" 200 10
WARNING 2024-02-19 15:03:39,863 log 9800 9016 Not Found: /randomapp/randoming/
WARNING 2024-02-19 15:03:39,865 basehttp 9800 9016 "GET /randomapp/randoming/ HTTP/1.1" 404 3306
INFO 2024-02-19 15:03:43,837 views 9800 9016 dice: 82
INFO 2024-02-19 15:03:43,839 basehttp 9800 9016 "GET /randomapp/randomint/ HTTP/1.1" 200 11
WARNING 2024-02-19 15:03:48,904 log 9800 1548 Not Found: /about/
WARNING 2024-02-19 15:03:48,906 basehttp 9800 1548 "GET /about/ HTTP/1.1" 404 2650
WARNING 2024-02-19 15:03:54,597 log 9800 18700 Not Found: /articleapp
WARNING 2024-02-19 15:03:54,599 basehttp 9800 18700 "GET /articleapp HTTP/1.1" 404 2662
INFO 2024-02-19 15:04:21,235 autoreload 9800 9900 C:\Users\rprokopiev\Documents\Django\Sem\DjangoSem\myproject\myproject\urls.py changed, reloading.
INFO 2024-02-19 15:04:21,944 autoreload 4668 15652 Watching for file changes with StatReloader
INFO 2024-02-19 15:04:23,856 basehttp 4668 3244 "GET /articleapp HTTP/1.1" 301 0
INFO 2024-02-19 15:04:23,864 views 4668 17980 articleapp - index
INFO 2024-02-19 15:04:23,866 basehttp 4668 17980 "GET /articleapp/ HTTP/1.1" 200 30
INFO 2024-02-19 15:04:42,154 basehttp 4668 3908 "GET /articleapp/about HTTP/1.1" 301 0
INFO 2024-02-19 15:04:42,158 views 4668 5112 articleapp - about us
INFO 2024-02-19 15:04:42,159 basehttp 4668 5112 "GET /articleapp/about/ HTTP/1.1" 200 8
INFO 2024-02-19 15:13:01,613 autoreload 11448 1284 Watching for file changes with StatReloader
INFO 2024-02-19 15:13:04,316 autoreload 11448 1284 C:\Users\rprokopiev\Documents\Django\Sem\DjangoSem\myproject\hw1app\views.py changed, reloading.
INFO 2024-02-19 15:13:05,058 autoreload 2156 13784 Watching for file changes with StatReloader
WARNING 2024-02-19 15:13:16,707 log 2156 6136 Not Found: /
WARNING 2024-02-19 15:13:16,709 basehttp 2156 6136 "GET / HTTP/1.1" 404 2615
WARNING 2024-02-19 15:13:17,353 log 2156 6136 Not Found: /
WARNING 2024-02-19 15:13:17,354 basehttp 2156 6136 "GET / HTTP/1.1" 404 2615
INFO 2024-02-19 15:13:28,092 views 2156 18980 MAIN page raised
INFO 2024-02-19 15:13:28,093 basehttp 2156 18980 "GET /hw1app/main/ HTTP/1.1" 200 62
INFO 2024-02-19 15:13:31,639 views 2156 18980 INDEX page raised
ERROR 2024-02-19 15:13:31,707 log 2156 18980 Internal Server Error: /hw1app/
Traceback (most recent call last):
  File "C:\Users\rprokopiev\Documents\Django\Sem\DjangoSem\.venv\Lib\site-packages\django\core\handlers\exception.py", line 55, in inner
    response = get_response(request)
               ^^^^^^^^^^^^^^^^^^^^^
  File "C:\Users\rprokopiev\Documents\Django\Sem\DjangoSem\.venv\Lib\site-packages\django\core\handlers\base.py", line 197, in _get_response
    response = wrapped_callback(request, *callback_args, **callback_kwargs)
               ^^^^^^^^^^^^^^^^^^^^^^^^^^^^^^^^^^^^^^^^^^^^^^^^^^^^^^^^^^^^
  File "C:\Users\rprokopiev\Documents\Django\Sem\DjangoSem\myproject\hw1app\views.py", line 12, in index
    return render(request, 'hw1app/tempalates.html', text)
           ^^^^^^^^^^^^^^^^^^^^^^^^^^^^^^^^^^^^^^^^^^^^^^^
  File "C:\Users\rprokopiev\Documents\Django\Sem\DjangoSem\.venv\Lib\site-packages\django\shortcuts.py", line 25, in render
    content = loader.render_to_string(template_name, context, request, using=using)
              ^^^^^^^^^^^^^^^^^^^^^^^^^^^^^^^^^^^^^^^^^^^^^^^^^^^^^^^^^^^^^^^^^^^^^
  File "C:\Users\rprokopiev\Documents\Django\Sem\DjangoSem\.venv\Lib\site-packages\django\template\loader.py", line 61, in render_to_string
    template = get_template(template_name, using=using)
               ^^^^^^^^^^^^^^^^^^^^^^^^^^^^^^^^^^^^^^^^
  File "C:\Users\rprokopiev\Documents\Django\Sem\DjangoSem\.venv\Lib\site-packages\django\template\loader.py", line 19, in get_template
    raise TemplateDoesNotExist(template_name, chain=chain)
django.template.exceptions.TemplateDoesNotExist: hw1app/tempalates.html
ERROR 2024-02-19 15:13:31,714 basehttp 2156 18980 "GET /hw1app/ HTTP/1.1" 500 83521
INFO 2024-02-19 15:13:58,997 autoreload 2156 13784 C:\Users\rprokopiev\Documents\Django\Sem\DjangoSem\myproject\hw1app\views.py changed, reloading.
INFO 2024-02-19 15:13:59,726 autoreload 11784 17236 Watching for file changes with StatReloader
INFO 2024-02-19 15:14:02,612 views 11784 19400 INDEX page raised
ERROR 2024-02-19 15:14:02,683 log 11784 19400 Internal Server Error: /hw1app/
Traceback (most recent call last):
  File "C:\Users\rprokopiev\Documents\Django\Sem\DjangoSem\.venv\Lib\site-packages\django\core\handlers\exception.py", line 55, in inner
    response = get_response(request)
               ^^^^^^^^^^^^^^^^^^^^^
  File "C:\Users\rprokopiev\Documents\Django\Sem\DjangoSem\.venv\Lib\site-packages\django\core\handlers\base.py", line 197, in _get_response
    response = wrapped_callback(request, *callback_args, **callback_kwargs)
               ^^^^^^^^^^^^^^^^^^^^^^^^^^^^^^^^^^^^^^^^^^^^^^^^^^^^^^^^^^^^
  File "C:\Users\rprokopiev\Documents\Django\Sem\DjangoSem\myproject\hw1app\views.py", line 12, in index
    return render(request, 'hw1app/index.html', text)
           ^^^^^^^^^^^^^^^^^^^^^^^^^^^^^^^^^^^^^^^^^^
  File "C:\Users\rprokopiev\Documents\Django\Sem\DjangoSem\.venv\Lib\site-packages\django\shortcuts.py", line 25, in render
    content = loader.render_to_string(template_name, context, request, using=using)
              ^^^^^^^^^^^^^^^^^^^^^^^^^^^^^^^^^^^^^^^^^^^^^^^^^^^^^^^^^^^^^^^^^^^^^
  File "C:\Users\rprokopiev\Documents\Django\Sem\DjangoSem\.venv\Lib\site-packages\django\template\loader.py", line 62, in render_to_string
    return template.render(context, request)
           ^^^^^^^^^^^^^^^^^^^^^^^^^^^^^^^^^
  File "C:\Users\rprokopiev\Documents\Django\Sem\DjangoSem\.venv\Lib\site-packages\django\template\backends\django.py", line 57, in render
    context = make_context(
              ^^^^^^^^^^^^^
  File "C:\Users\rprokopiev\Documents\Django\Sem\DjangoSem\.venv\Lib\site-packages\django\template\context.py", line 286, in make_context
    raise TypeError(
TypeError: context must be a dict rather than str.
ERROR 2024-02-19 15:14:02,692 basehttp 11784 19400 "GET /hw1app/ HTTP/1.1" 500 85340
INFO 2024-02-19 15:14:48,280 autoreload 11784 17236 C:\Users\rprokopiev\Documents\Django\Sem\DjangoSem\myproject\hw1app\views.py changed, reloading.
INFO 2024-02-19 15:14:48,989 autoreload 19400 3696 Watching for file changes with StatReloader
INFO 2024-02-19 15:14:50,240 views 19400 13396 INDEX page raised
INFO 2024-02-19 15:14:50,262 basehttp 19400 13396 "GET /hw1app/ HTTP/1.1" 200 228
INFO 2024-02-19 15:15:07,513 views 19400 11616 INDEX page raised
INFO 2024-02-19 15:15:07,518 basehttp 19400 11616 "GET /hw1app/ HTTP/1.1" 200 244
INFO 2024-02-19 15:15:29,877 autoreload 19400 3696 C:\Users\rprokopiev\Documents\Django\Sem\DjangoSem\myproject\hw1app\views.py changed, reloading.
INFO 2024-02-19 15:15:30,494 autoreload 20196 18040 Watching for file changes with StatReloader
INFO 2024-02-19 15:15:33,001 views 20196 11904 INDEX page raised
INFO 2024-02-19 15:15:33,012 basehttp 20196 11904 "GET /hw1app/ HTTP/1.1" 200 255
INFO 2024-02-19 15:15:46,172 autoreload 20196 18040 C:\Users\rprokopiev\Documents\Django\Sem\DjangoSem\myproject\hw1app\views.py changed, reloading.
INFO 2024-02-19 15:15:47,099 autoreload 11616 10372 Watching for file changes with StatReloader
INFO 2024-02-19 15:26:21,705 autoreload 12332 1308 Watching for file changes with StatReloader
INFO 2024-02-19 15:26:28,345 views 12332 5112 INDEX page raised
INFO 2024-02-19 15:26:28,356 basehttp 12332 5112 "GET /hw1app/ HTTP/1.1" 200 354
INFO 2024-02-19 15:27:14,554 views 12332 15120 INDEX page raised
INFO 2024-02-19 15:27:14,560 basehttp 12332 15120 "GET /hw1app/ HTTP/1.1" 200 354
INFO 2024-02-19 15:28:36,674 views 12332 9820 INDEX page raised
INFO 2024-02-19 15:28:36,680 basehttp 12332 9820 "GET /hw1app/ HTTP/1.1" 200 355
INFO 2024-02-19 15:30:06,795 autoreload 12332 1308 C:\Users\rprokopiev\Documents\Django\Sem\DjangoSem\myproject\hw1app\views.py changed, reloading.
INFO 2024-02-19 15:30:07,526 autoreload 4256 13136 Watching for file changes with StatReloader
INFO 2024-02-19 15:30:13,095 views 4256 4960 MAIN page raised
INFO 2024-02-19 15:30:13,101 basehttp 4256 4960 "GET /hw1app/main/ HTTP/1.1" 200 415
INFO 2024-02-19 15:33:58,235 autoreload 4256 13136 C:\Users\rprokopiev\Documents\Django\Sem\DjangoSem\myproject\hw1app\views.py changed, reloading.
INFO 2024-02-19 15:33:58,946 autoreload 6508 2472 Watching for file changes with StatReloader
INFO 2024-02-19 15:34:19,135 views 6508 15536 ABOUT page raised
INFO 2024-02-19 15:34:19,141 basehttp 6508 15536 "GET /hw1app/about/ HTTP/1.1" 200 400
INFO 2024-02-19 16:02:33,773 autoreload 6508 2472 C:\Users\rprokopiev\Documents\Django\Sem\DjangoSem\myproject\randomapp\models.py changed, reloading.
INFO 2024-02-19 16:02:34,676 autoreload 728 12944 Watching for file changes with StatReloader
INFO 2024-02-19 16:20:20,274 autoreload 21476 14840 Watching for file changes with StatReloader
INFO 2024-02-19 16:20:42,155 views 21476 12084 ranadomapp - index
INFO 2024-02-19 16:20:42,157 basehttp 21476 12084 "GET /randomapp/ HTTP/1.1" 200 29
INFO 2024-02-19 16:22:28,342 autoreload 21476 14840 C:\Users\rprokopiev\Documents\Django\Sem\DjangoSem\myproject\randomapp\views.py changed, reloading.
INFO 2024-02-19 16:22:29,051 autoreload 19292 7412 Watching for file changes with StatReloader
INFO 2024-02-19 16:22:31,641 views 19292 4404 ranadomapp - index
INFO 2024-02-19 16:22:31,676 basehttp 19292 4404 "GET /randomapp/ HTTP/1.1" 200 488
INFO 2024-02-19 16:23:21,494 views 19292 17604 ranadomapp - index
INFO 2024-02-19 16:23:21,499 basehttp 19292 17604 "GET /randomapp/ HTTP/1.1" 200 492
WARNING 2024-02-19 16:23:26,824 log 19292 17604 Not Found: /randomapp/heads_tails/
WARNING 2024-02-19 16:23:26,825 basehttp 19292 17604 "GET /randomapp/heads_tails/ HTTP/1.1" 404 3313
INFO 2024-02-19 16:26:25,121 views 19292 12504 TAILS
INFO 2024-02-19 16:26:25,160 views 19292 12504 HeadsTails #10 Model created
ERROR 2024-02-19 16:26:25,199 log 19292 12504 Internal Server Error: /randomapp/headstails/
Traceback (most recent call last):
  File "C:\Users\rprokopiev\Documents\Django\Sem\DjangoSem\.venv\Lib\site-packages\django\core\handlers\exception.py", line 55, in inner
    response = get_response(request)
               ^^^^^^^^^^^^^^^^^^^^^
  File "C:\Users\rprokopiev\Documents\Django\Sem\DjangoSem\.venv\Lib\site-packages\django\core\handlers\base.py", line 197, in _get_response
    response = wrapped_callback(request, *callback_args, **callback_kwargs)
               ^^^^^^^^^^^^^^^^^^^^^^^^^^^^^^^^^^^^^^^^^^^^^^^^^^^^^^^^^^^^
  File "C:\Users\rprokopiev\Documents\Django\Sem\DjangoSem\myproject\randomapp\views.py", line 24, in heads_tails
    return render(result, 'randomapp/heads_tails.html', context={'result': game_result.result})
           ^^^^^^^^^^^^^^^^^^^^^^^^^^^^^^^^^^^^^^^^^^^^^^^^^^^^^^^^^^^^^^^^^^^^^^^^^^^^^^^^^^^^
  File "C:\Users\rprokopiev\Documents\Django\Sem\DjangoSem\.venv\Lib\site-packages\django\shortcuts.py", line 25, in render
    content = loader.render_to_string(template_name, context, request, using=using)
              ^^^^^^^^^^^^^^^^^^^^^^^^^^^^^^^^^^^^^^^^^^^^^^^^^^^^^^^^^^^^^^^^^^^^^
  File "C:\Users\rprokopiev\Documents\Django\Sem\DjangoSem\.venv\Lib\site-packages\django\template\loader.py", line 61, in render_to_string
    template = get_template(template_name, using=using)
               ^^^^^^^^^^^^^^^^^^^^^^^^^^^^^^^^^^^^^^^^
  File "C:\Users\rprokopiev\Documents\Django\Sem\DjangoSem\.venv\Lib\site-packages\django\template\loader.py", line 19, in get_template
    raise TemplateDoesNotExist(template_name, chain=chain)
django.template.exceptions.TemplateDoesNotExist: randomapp/heads_tails.html
ERROR 2024-02-19 16:26:25,211 basehttp 19292 12504 "GET /randomapp/headstails/ HTTP/1.1" 500 84593
INFO 2024-02-19 16:26:33,928 views 19292 12504 ranadomapp - index
INFO 2024-02-19 16:26:33,933 basehttp 19292 12504 "GET /randomapp/ HTTP/1.1" 200 490
INFO 2024-02-19 16:26:36,427 views 19292 12504 HEADS
INFO 2024-02-19 16:26:36,443 views 19292 12504 HeadsTails #11 Model created
ERROR 2024-02-19 16:26:36,464 log 19292 12504 Internal Server Error: /randomapp/headstails/
Traceback (most recent call last):
  File "C:\Users\rprokopiev\Documents\Django\Sem\DjangoSem\.venv\Lib\site-packages\django\core\handlers\exception.py", line 55, in inner
    response = get_response(request)
               ^^^^^^^^^^^^^^^^^^^^^
  File "C:\Users\rprokopiev\Documents\Django\Sem\DjangoSem\.venv\Lib\site-packages\django\core\handlers\base.py", line 197, in _get_response
    response = wrapped_callback(request, *callback_args, **callback_kwargs)
               ^^^^^^^^^^^^^^^^^^^^^^^^^^^^^^^^^^^^^^^^^^^^^^^^^^^^^^^^^^^^
  File "C:\Users\rprokopiev\Documents\Django\Sem\DjangoSem\myproject\randomapp\views.py", line 24, in heads_tails
    return render(result, 'randomapp/heads_tails.html', context={'result': game_result.result})
           ^^^^^^^^^^^^^^^^^^^^^^^^^^^^^^^^^^^^^^^^^^^^^^^^^^^^^^^^^^^^^^^^^^^^^^^^^^^^^^^^^^^^
  File "C:\Users\rprokopiev\Documents\Django\Sem\DjangoSem\.venv\Lib\site-packages\django\shortcuts.py", line 25, in render
    content = loader.render_to_string(template_name, context, request, using=using)
              ^^^^^^^^^^^^^^^^^^^^^^^^^^^^^^^^^^^^^^^^^^^^^^^^^^^^^^^^^^^^^^^^^^^^^
  File "C:\Users\rprokopiev\Documents\Django\Sem\DjangoSem\.venv\Lib\site-packages\django\template\loader.py", line 61, in render_to_string
    template = get_template(template_name, using=using)
               ^^^^^^^^^^^^^^^^^^^^^^^^^^^^^^^^^^^^^^^^
  File "C:\Users\rprokopiev\Documents\Django\Sem\DjangoSem\.venv\Lib\site-packages\django\template\loader.py", line 19, in get_template
    raise TemplateDoesNotExist(template_name, chain=chain)
django.template.exceptions.TemplateDoesNotExist: randomapp/heads_tails.html
ERROR 2024-02-19 16:26:36,472 basehttp 19292 12504 "GET /randomapp/headstails/ HTTP/1.1" 500 84754
INFO 2024-02-19 16:27:23,196 autoreload 14320 4940 Watching for file changes with StatReloader
WARNING 2024-02-19 16:27:27,697 log 14320 19464 Not Found: /
WARNING 2024-02-19 16:27:27,698 basehttp 14320 19464 "GET / HTTP/1.1" 404 2615
INFO 2024-02-19 16:27:36,629 views 14320 17832 ranadomapp - index
INFO 2024-02-19 16:27:36,633 basehttp 14320 17832 "GET /randomapp/ HTTP/1.1" 200 490
INFO 2024-02-19 16:27:40,241 views 14320 11016 HEADS
INFO 2024-02-19 16:27:40,276 views 14320 11016 HeadsTails #12 Model created
ERROR 2024-02-19 16:27:40,304 log 14320 11016 Internal Server Error: /randomapp/headstails/
Traceback (most recent call last):
  File "C:\Users\rprokopiev\Documents\Django\Sem\DjangoSem\.venv\Lib\site-packages\django\core\handlers\exception.py", line 55, in inner
    response = get_response(request)
               ^^^^^^^^^^^^^^^^^^^^^
  File "C:\Users\rprokopiev\Documents\Django\Sem\DjangoSem\.venv\Lib\site-packages\django\core\handlers\base.py", line 197, in _get_response
    response = wrapped_callback(request, *callback_args, **callback_kwargs)
               ^^^^^^^^^^^^^^^^^^^^^^^^^^^^^^^^^^^^^^^^^^^^^^^^^^^^^^^^^^^^
  File "C:\Users\rprokopiev\Documents\Django\Sem\DjangoSem\myproject\randomapp\views.py", line 24, in heads_tails
    return render(result, 'randomapp/heads_tails.html', context={'result': game_result.result})
           ^^^^^^^^^^^^^^^^^^^^^^^^^^^^^^^^^^^^^^^^^^^^^^^^^^^^^^^^^^^^^^^^^^^^^^^^^^^^^^^^^^^^
  File "C:\Users\rprokopiev\Documents\Django\Sem\DjangoSem\.venv\Lib\site-packages\django\shortcuts.py", line 25, in render
    content = loader.render_to_string(template_name, context, request, using=using)
              ^^^^^^^^^^^^^^^^^^^^^^^^^^^^^^^^^^^^^^^^^^^^^^^^^^^^^^^^^^^^^^^^^^^^^
  File "C:\Users\rprokopiev\Documents\Django\Sem\DjangoSem\.venv\Lib\site-packages\django\template\loader.py", line 61, in render_to_string
    template = get_template(template_name, using=using)
               ^^^^^^^^^^^^^^^^^^^^^^^^^^^^^^^^^^^^^^^^
  File "C:\Users\rprokopiev\Documents\Django\Sem\DjangoSem\.venv\Lib\site-packages\django\template\loader.py", line 19, in get_template
    raise TemplateDoesNotExist(template_name, chain=chain)
django.template.exceptions.TemplateDoesNotExist: randomapp/heads_tails.html
ERROR 2024-02-19 16:27:40,311 basehttp 14320 11016 "GET /randomapp/headstails/ HTTP/1.1" 500 84754
INFO 2024-02-19 16:28:15,156 autoreload 14320 4940 C:\Users\rprokopiev\Documents\Django\Sem\DjangoSem\myproject\randomapp\views.py changed, reloading.
INFO 2024-02-19 16:28:15,833 autoreload 9800 2208 Watching for file changes with StatReloader
INFO 2024-02-19 16:28:19,590 views 9800 20652 HEADS
INFO 2024-02-19 16:28:19,642 views 9800 20652 HeadsTails #13 Model created
ERROR 2024-02-19 16:28:19,693 log 9800 20652 Internal Server Error: /randomapp/headstails/
Traceback (most recent call last):
  File "C:\Users\rprokopiev\Documents\Django\Sem\DjangoSem\.venv\Lib\site-packages\django\core\handlers\exception.py", line 55, in inner
    response = get_response(request)
               ^^^^^^^^^^^^^^^^^^^^^
  File "C:\Users\rprokopiev\Documents\Django\Sem\DjangoSem\.venv\Lib\site-packages\django\core\handlers\base.py", line 197, in _get_response
    response = wrapped_callback(request, *callback_args, **callback_kwargs)
               ^^^^^^^^^^^^^^^^^^^^^^^^^^^^^^^^^^^^^^^^^^^^^^^^^^^^^^^^^^^^
  File "C:\Users\rprokopiev\Documents\Django\Sem\DjangoSem\myproject\randomapp\views.py", line 24, in heads_tails
    return render(result, 'randomapp/headstails.html', context={'result': game_result.result})
           ^^^^^^^^^^^^^^^^^^^^^^^^^^^^^^^^^^^^^^^^^^^^^^^^^^^^^^^^^^^^^^^^^^^^^^^^^^^^^^^^^^^
  File "C:\Users\rprokopiev\Documents\Django\Sem\DjangoSem\.venv\Lib\site-packages\django\shortcuts.py", line 25, in render
    content = loader.render_to_string(template_name, context, request, using=using)
              ^^^^^^^^^^^^^^^^^^^^^^^^^^^^^^^^^^^^^^^^^^^^^^^^^^^^^^^^^^^^^^^^^^^^^
  File "C:\Users\rprokopiev\Documents\Django\Sem\DjangoSem\.venv\Lib\site-packages\django\template\loader.py", line 62, in render_to_string
    return template.render(context, request)
           ^^^^^^^^^^^^^^^^^^^^^^^^^^^^^^^^^
  File "C:\Users\rprokopiev\Documents\Django\Sem\DjangoSem\.venv\Lib\site-packages\django\template\backends\django.py", line 61, in render
    return self.template.render(context)
           ^^^^^^^^^^^^^^^^^^^^^^^^^^^^^
  File "C:\Users\rprokopiev\Documents\Django\Sem\DjangoSem\.venv\Lib\site-packages\django\template\base.py", line 169, in render
    with context.bind_template(self):
  File "C:\Users\rprokopiev\AppData\Local\Programs\Python\Python312\Lib\contextlib.py", line 137, in __enter__
    return next(self.gen)
           ^^^^^^^^^^^^^^
  File "C:\Users\rprokopiev\Documents\Django\Sem\DjangoSem\.venv\Lib\site-packages\django\template\context.py", line 254, in bind_template
    context = processor(self.request)
              ^^^^^^^^^^^^^^^^^^^^^^^
  File "C:\Users\rprokopiev\Documents\Django\Sem\DjangoSem\.venv\Lib\site-packages\django\template\context_processors.py", line 41, in debug
    if settings.DEBUG and request.META.get("REMOTE_ADDR") in settings.INTERNAL_IPS:
                          ^^^^^^^^^^^^
AttributeError: 'str' object has no attribute 'META'
ERROR 2024-02-19 16:28:19,704 basehttp 9800 20652 "GET /randomapp/headstails/ HTTP/1.1" 500 99284
INFO 2024-02-19 16:28:24,937 autoreload 9800 2208 C:\Users\rprokopiev\Documents\Django\Sem\DjangoSem\myproject\randomapp\models.py changed, reloading.
INFO 2024-02-19 16:28:25,598 autoreload 10260 4960 Watching for file changes with StatReloader
INFO 2024-02-19 16:28:31,435 autoreload 10260 4960 C:\Users\rprokopiev\Documents\Django\Sem\DjangoSem\myproject\randomapp\urls.py changed, reloading.
INFO 2024-02-19 16:28:32,388 autoreload 9184 12852 Watching for file changes with StatReloader
INFO 2024-02-19 16:28:42,625 views 9184 14908 TAILS
INFO 2024-02-19 16:28:42,677 views 9184 14908 HeadsTails #14 Model created
ERROR 2024-02-19 16:28:42,714 log 9184 14908 Internal Server Error: /randomapp/headstails/
Traceback (most recent call last):
  File "C:\Users\rprokopiev\Documents\Django\Sem\DjangoSem\.venv\Lib\site-packages\django\core\handlers\exception.py", line 55, in inner
    response = get_response(request)
               ^^^^^^^^^^^^^^^^^^^^^
  File "C:\Users\rprokopiev\Documents\Django\Sem\DjangoSem\.venv\Lib\site-packages\django\core\handlers\base.py", line 197, in _get_response
    response = wrapped_callback(request, *callback_args, **callback_kwargs)
               ^^^^^^^^^^^^^^^^^^^^^^^^^^^^^^^^^^^^^^^^^^^^^^^^^^^^^^^^^^^^
  File "C:\Users\rprokopiev\Documents\Django\Sem\DjangoSem\myproject\randomapp\views.py", line 24, in heads_tails
    return render(result, 'randomapp/headstails.html', context={'result': game_result.result})
           ^^^^^^^^^^^^^^^^^^^^^^^^^^^^^^^^^^^^^^^^^^^^^^^^^^^^^^^^^^^^^^^^^^^^^^^^^^^^^^^^^^^
  File "C:\Users\rprokopiev\Documents\Django\Sem\DjangoSem\.venv\Lib\site-packages\django\shortcuts.py", line 25, in render
    content = loader.render_to_string(template_name, context, request, using=using)
              ^^^^^^^^^^^^^^^^^^^^^^^^^^^^^^^^^^^^^^^^^^^^^^^^^^^^^^^^^^^^^^^^^^^^^
  File "C:\Users\rprokopiev\Documents\Django\Sem\DjangoSem\.venv\Lib\site-packages\django\template\loader.py", line 62, in render_to_string
    return template.render(context, request)
           ^^^^^^^^^^^^^^^^^^^^^^^^^^^^^^^^^
  File "C:\Users\rprokopiev\Documents\Django\Sem\DjangoSem\.venv\Lib\site-packages\django\template\backends\django.py", line 61, in render
    return self.template.render(context)
           ^^^^^^^^^^^^^^^^^^^^^^^^^^^^^
  File "C:\Users\rprokopiev\Documents\Django\Sem\DjangoSem\.venv\Lib\site-packages\django\template\base.py", line 169, in render
    with context.bind_template(self):
  File "C:\Users\rprokopiev\AppData\Local\Programs\Python\Python312\Lib\contextlib.py", line 137, in __enter__
    return next(self.gen)
           ^^^^^^^^^^^^^^
  File "C:\Users\rprokopiev\Documents\Django\Sem\DjangoSem\.venv\Lib\site-packages\django\template\context.py", line 254, in bind_template
    context = processor(self.request)
              ^^^^^^^^^^^^^^^^^^^^^^^
  File "C:\Users\rprokopiev\Documents\Django\Sem\DjangoSem\.venv\Lib\site-packages\django\template\context_processors.py", line 41, in debug
    if settings.DEBUG and request.META.get("REMOTE_ADDR") in settings.INTERNAL_IPS:
                          ^^^^^^^^^^^^
AttributeError: 'str' object has no attribute 'META'
ERROR 2024-02-19 16:28:42,724 basehttp 9184 14908 "GET /randomapp/headstails/ HTTP/1.1" 500 99284
INFO 2024-02-19 16:32:55,602 autoreload 15644 6892 Watching for file changes with StatReloader
WARNING 2024-02-19 16:33:00,811 log 15644 20796 Not Found: /
WARNING 2024-02-19 16:33:00,811 basehttp 15644 20796 "GET / HTTP/1.1" 404 2615
WARNING 2024-02-19 16:33:01,063 log 15644 20796 Not Found: /
WARNING 2024-02-19 16:33:01,064 basehttp 15644 20796 "GET / HTTP/1.1" 404 2615
INFO 2024-02-19 16:33:08,132 views 15644 20796 ranadomapp - index
INFO 2024-02-19 16:33:08,137 basehttp 15644 20796 "GET /randomapp/ HTTP/1.1" 200 490
INFO 2024-02-19 16:33:11,788 views 15644 17036 TAILS
INFO 2024-02-19 16:33:11,817 views 15644 17036 HeadsTails #15 Model created
ERROR 2024-02-19 16:33:11,854 log 15644 17036 Internal Server Error: /randomapp/headstails/
Traceback (most recent call last):
  File "C:\Users\rprokopiev\Documents\Django\Sem\DjangoSem\.venv\Lib\site-packages\django\core\handlers\exception.py", line 55, in inner
    response = get_response(request)
               ^^^^^^^^^^^^^^^^^^^^^
  File "C:\Users\rprokopiev\Documents\Django\Sem\DjangoSem\.venv\Lib\site-packages\django\core\handlers\base.py", line 197, in _get_response
    response = wrapped_callback(request, *callback_args, **callback_kwargs)
               ^^^^^^^^^^^^^^^^^^^^^^^^^^^^^^^^^^^^^^^^^^^^^^^^^^^^^^^^^^^^
  File "C:\Users\rprokopiev\Documents\Django\Sem\DjangoSem\myproject\randomapp\views.py", line 24, in heads_tails
    return render(result, 'randomapp/headstails.html', context={'result': game_result.result})
           ^^^^^^^^^^^^^^^^^^^^^^^^^^^^^^^^^^^^^^^^^^^^^^^^^^^^^^^^^^^^^^^^^^^^^^^^^^^^^^^^^^^
  File "C:\Users\rprokopiev\Documents\Django\Sem\DjangoSem\.venv\Lib\site-packages\django\shortcuts.py", line 25, in render
    content = loader.render_to_string(template_name, context, request, using=using)
              ^^^^^^^^^^^^^^^^^^^^^^^^^^^^^^^^^^^^^^^^^^^^^^^^^^^^^^^^^^^^^^^^^^^^^
  File "C:\Users\rprokopiev\Documents\Django\Sem\DjangoSem\.venv\Lib\site-packages\django\template\loader.py", line 62, in render_to_string
    return template.render(context, request)
           ^^^^^^^^^^^^^^^^^^^^^^^^^^^^^^^^^
  File "C:\Users\rprokopiev\Documents\Django\Sem\DjangoSem\.venv\Lib\site-packages\django\template\backends\django.py", line 61, in render
    return self.template.render(context)
           ^^^^^^^^^^^^^^^^^^^^^^^^^^^^^
  File "C:\Users\rprokopiev\Documents\Django\Sem\DjangoSem\.venv\Lib\site-packages\django\template\base.py", line 169, in render
    with context.bind_template(self):
  File "C:\Users\rprokopiev\AppData\Local\Programs\Python\Python312\Lib\contextlib.py", line 137, in __enter__
    return next(self.gen)
           ^^^^^^^^^^^^^^
  File "C:\Users\rprokopiev\Documents\Django\Sem\DjangoSem\.venv\Lib\site-packages\django\template\context.py", line 254, in bind_template
    context = processor(self.request)
              ^^^^^^^^^^^^^^^^^^^^^^^
  File "C:\Users\rprokopiev\Documents\Django\Sem\DjangoSem\.venv\Lib\site-packages\django\template\context_processors.py", line 41, in debug
    if settings.DEBUG and request.META.get("REMOTE_ADDR") in settings.INTERNAL_IPS:
                          ^^^^^^^^^^^^
AttributeError: 'str' object has no attribute 'META'
ERROR 2024-02-19 16:33:11,866 basehttp 15644 17036 "GET /randomapp/headstails/ HTTP/1.1" 500 99147
INFO 2024-02-19 16:35:55,687 autoreload 15644 6892 C:\Users\rprokopiev\Documents\Django\Sem\DjangoSem\myproject\randomapp\views.py changed, reloading.
INFO 2024-02-19 16:35:56,364 autoreload 14596 12048 Watching for file changes with StatReloader
INFO 2024-02-19 16:35:59,692 views 14596 6068 TAILS
INFO 2024-02-19 16:35:59,753 views 14596 6068 HeadsTails #16 Model created
ERROR 2024-02-19 16:35:59,803 log 14596 6068 Internal Server Error: /randomapp/headstails/
Traceback (most recent call last):
  File "C:\Users\rprokopiev\Documents\Django\Sem\DjangoSem\.venv\Lib\site-packages\django\core\handlers\exception.py", line 55, in inner
    response = get_response(request)
               ^^^^^^^^^^^^^^^^^^^^^
  File "C:\Users\rprokopiev\Documents\Django\Sem\DjangoSem\.venv\Lib\site-packages\django\core\handlers\base.py", line 197, in _get_response
    response = wrapped_callback(request, *callback_args, **callback_kwargs)
               ^^^^^^^^^^^^^^^^^^^^^^^^^^^^^^^^^^^^^^^^^^^^^^^^^^^^^^^^^^^^
  File "C:\Users\rprokopiev\Documents\Django\Sem\DjangoSem\myproject\randomapp\views.py", line 24, in heads_tails
    return render(result, 'randomapp/headstails.html', context={'result': f'{game_result.result}'})
           ^^^^^^^^^^^^^^^^^^^^^^^^^^^^^^^^^^^^^^^^^^^^^^^^^^^^^^^^^^^^^^^^^^^^^^^^^^^^^^^^^^^^^^^^
  File "C:\Users\rprokopiev\Documents\Django\Sem\DjangoSem\.venv\Lib\site-packages\django\shortcuts.py", line 25, in render
    content = loader.render_to_string(template_name, context, request, using=using)
              ^^^^^^^^^^^^^^^^^^^^^^^^^^^^^^^^^^^^^^^^^^^^^^^^^^^^^^^^^^^^^^^^^^^^^
  File "C:\Users\rprokopiev\Documents\Django\Sem\DjangoSem\.venv\Lib\site-packages\django\template\loader.py", line 62, in render_to_string
    return template.render(context, request)
           ^^^^^^^^^^^^^^^^^^^^^^^^^^^^^^^^^
  File "C:\Users\rprokopiev\Documents\Django\Sem\DjangoSem\.venv\Lib\site-packages\django\template\backends\django.py", line 61, in render
    return self.template.render(context)
           ^^^^^^^^^^^^^^^^^^^^^^^^^^^^^
  File "C:\Users\rprokopiev\Documents\Django\Sem\DjangoSem\.venv\Lib\site-packages\django\template\base.py", line 169, in render
    with context.bind_template(self):
  File "C:\Users\rprokopiev\AppData\Local\Programs\Python\Python312\Lib\contextlib.py", line 137, in __enter__
    return next(self.gen)
           ^^^^^^^^^^^^^^
  File "C:\Users\rprokopiev\Documents\Django\Sem\DjangoSem\.venv\Lib\site-packages\django\template\context.py", line 254, in bind_template
    context = processor(self.request)
              ^^^^^^^^^^^^^^^^^^^^^^^
  File "C:\Users\rprokopiev\Documents\Django\Sem\DjangoSem\.venv\Lib\site-packages\django\template\context_processors.py", line 41, in debug
    if settings.DEBUG and request.META.get("REMOTE_ADDR") in settings.INTERNAL_IPS:
                          ^^^^^^^^^^^^
AttributeError: 'str' object has no attribute 'META'
ERROR 2024-02-19 16:35:59,815 basehttp 14596 6068 "GET /randomapp/headstails/ HTTP/1.1" 500 99163
INFO 2024-02-19 16:37:22,912 autoreload 14596 12048 C:\Users\rprokopiev\Documents\Django\Sem\DjangoSem\myproject\randomapp\views.py changed, reloading.
INFO 2024-02-19 16:37:23,545 autoreload 20656 18456 Watching for file changes with StatReloader
INFO 2024-02-19 16:37:25,868 views 20656 10476 TAILS
INFO 2024-02-19 16:37:25,934 views 20656 10476 HeadsTails #17 Model created
INFO 2024-02-19 16:37:25,935 basehttp 20656 10476 "GET /randomapp/headstails/ HTTP/1.1" 200 5
INFO 2024-02-19 16:38:15,235 autoreload 20656 18456 C:\Users\rprokopiev\Documents\Django\Sem\DjangoSem\myproject\randomapp\views.py changed, reloading.
INFO 2024-02-19 16:38:15,894 autoreload 10988 20940 Watching for file changes with StatReloader
INFO 2024-02-19 16:38:31,314 autoreload 10988 20940 C:\Users\rprokopiev\Documents\Django\Sem\DjangoSem\myproject\randomapp\views.py changed, reloading.
INFO 2024-02-19 16:38:31,977 autoreload 16360 15052 Watching for file changes with StatReloader
INFO 2024-02-19 16:38:33,135 views 16360 7264 HEADS
INFO 2024-02-19 16:38:33,171 views 16360 7264 HeadsTails #18 Model created
ERROR 2024-02-19 16:38:33,236 log 16360 7264 Internal Server Error: /randomapp/headstails/
Traceback (most recent call last):
  File "C:\Users\rprokopiev\Documents\Django\Sem\DjangoSem\.venv\Lib\site-packages\django\core\handlers\exception.py", line 55, in inner
    response = get_response(request)
               ^^^^^^^^^^^^^^^^^^^^^
  File "C:\Users\rprokopiev\Documents\Django\Sem\DjangoSem\.venv\Lib\site-packages\django\core\handlers\base.py", line 197, in _get_response
    response = wrapped_callback(request, *callback_args, **callback_kwargs)
               ^^^^^^^^^^^^^^^^^^^^^^^^^^^^^^^^^^^^^^^^^^^^^^^^^^^^^^^^^^^^
  File "C:\Users\rprokopiev\Documents\Django\Sem\DjangoSem\myproject\randomapp\views.py", line 26, in heads_tails
    return render(result, 'randomapp/headstails.html', context)
           ^^^^^^^^^^^^^^^^^^^^^^^^^^^^^^^^^^^^^^^^^^^^^^^^^^^^
  File "C:\Users\rprokopiev\Documents\Django\Sem\DjangoSem\.venv\Lib\site-packages\django\shortcuts.py", line 25, in render
    content = loader.render_to_string(template_name, context, request, using=using)
              ^^^^^^^^^^^^^^^^^^^^^^^^^^^^^^^^^^^^^^^^^^^^^^^^^^^^^^^^^^^^^^^^^^^^^
  File "C:\Users\rprokopiev\Documents\Django\Sem\DjangoSem\.venv\Lib\site-packages\django\template\loader.py", line 62, in render_to_string
    return template.render(context, request)
           ^^^^^^^^^^^^^^^^^^^^^^^^^^^^^^^^^
  File "C:\Users\rprokopiev\Documents\Django\Sem\DjangoSem\.venv\Lib\site-packages\django\template\backends\django.py", line 61, in render
    return self.template.render(context)
           ^^^^^^^^^^^^^^^^^^^^^^^^^^^^^
  File "C:\Users\rprokopiev\Documents\Django\Sem\DjangoSem\.venv\Lib\site-packages\django\template\base.py", line 169, in render
    with context.bind_template(self):
  File "C:\Users\rprokopiev\AppData\Local\Programs\Python\Python312\Lib\contextlib.py", line 137, in __enter__
    return next(self.gen)
           ^^^^^^^^^^^^^^
  File "C:\Users\rprokopiev\Documents\Django\Sem\DjangoSem\.venv\Lib\site-packages\django\template\context.py", line 254, in bind_template
    context = processor(self.request)
              ^^^^^^^^^^^^^^^^^^^^^^^
  File "C:\Users\rprokopiev\Documents\Django\Sem\DjangoSem\.venv\Lib\site-packages\django\template\context_processors.py", line 41, in debug
    if settings.DEBUG and request.META.get("REMOTE_ADDR") in settings.INTERNAL_IPS:
                          ^^^^^^^^^^^^
AttributeError: 'str' object has no attribute 'META'
ERROR 2024-02-19 16:38:33,254 basehttp 16360 7264 "GET /randomapp/headstails/ HTTP/1.1" 500 99262
INFO 2024-02-19 16:39:29,990 autoreload 16360 15052 C:\Users\rprokopiev\Documents\Django\Sem\DjangoSem\myproject\randomapp\views.py changed, reloading.
INFO 2024-02-19 16:39:30,653 autoreload 1860 14596 Watching for file changes with StatReloader
INFO 2024-02-19 16:39:35,215 views 1860 14548 HEADS
INFO 2024-02-19 16:39:35,263 views 1860 14548 HeadsTails #19 Model created
INFO 2024-02-19 16:39:35,272 basehttp 1860 14548 "GET /randomapp/headstails/ HTTP/1.1" 200 337
INFO 2024-02-19 16:39:48,479 views 1860 21484 ranadomapp - index
INFO 2024-02-19 16:39:48,484 basehttp 1860 21484 "GET /randomapp/ HTTP/1.1" 200 490
INFO 2024-02-19 16:39:50,135 views 1860 21484 2
ERROR 2024-02-19 16:39:50,202 log 1860 21484 Internal Server Error: /randomapp/dice/
Traceback (most recent call last):
  File "C:\Users\rprokopiev\Documents\Django\Sem\DjangoSem\.venv\Lib\site-packages\django\db\backends\utils.py", line 105, in _execute
    return self.cursor.execute(sql, params)
           ^^^^^^^^^^^^^^^^^^^^^^^^^^^^^^^^
  File "C:\Users\rprokopiev\Documents\Django\Sem\DjangoSem\.venv\Lib\site-packages\django\db\backends\sqlite3\base.py", line 329, in execute
    return super().execute(query, params)
           ^^^^^^^^^^^^^^^^^^^^^^^^^^^^^^
sqlite3.OperationalError: no such table: randomapp_dice

The above exception was the direct cause of the following exception:

Traceback (most recent call last):
  File "C:\Users\rprokopiev\Documents\Django\Sem\DjangoSem\.venv\Lib\site-packages\django\core\handlers\exception.py", line 55, in inner
    response = get_response(request)
               ^^^^^^^^^^^^^^^^^^^^^
  File "C:\Users\rprokopiev\Documents\Django\Sem\DjangoSem\.venv\Lib\site-packages\django\core\handlers\base.py", line 197, in _get_response
    response = wrapped_callback(request, *callback_args, **callback_kwargs)
               ^^^^^^^^^^^^^^^^^^^^^^^^^^^^^^^^^^^^^^^^^^^^^^^^^^^^^^^^^^^^
  File "C:\Users\rprokopiev\Documents\Django\Sem\DjangoSem\myproject\randomapp\views.py", line 33, in dice
    game_result.save()
  File "C:\Users\rprokopiev\Documents\Django\Sem\DjangoSem\.venv\Lib\site-packages\django\db\models\base.py", line 822, in save
    self.save_base(
  File "C:\Users\rprokopiev\Documents\Django\Sem\DjangoSem\.venv\Lib\site-packages\django\db\models\base.py", line 909, in save_base
    updated = self._save_table(
              ^^^^^^^^^^^^^^^^^
  File "C:\Users\rprokopiev\Documents\Django\Sem\DjangoSem\.venv\Lib\site-packages\django\db\models\base.py", line 1067, in _save_table
    results = self._do_insert(
              ^^^^^^^^^^^^^^^^
  File "C:\Users\rprokopiev\Documents\Django\Sem\DjangoSem\.venv\Lib\site-packages\django\db\models\base.py", line 1108, in _do_insert
    return manager._insert(
           ^^^^^^^^^^^^^^^^
  File "C:\Users\rprokopiev\Documents\Django\Sem\DjangoSem\.venv\Lib\site-packages\django\db\models\manager.py", line 87, in manager_method
    return getattr(self.get_queryset(), name)(*args, **kwargs)
           ^^^^^^^^^^^^^^^^^^^^^^^^^^^^^^^^^^^^^^^^^^^^^^^^^^^
  File "C:\Users\rprokopiev\Documents\Django\Sem\DjangoSem\.venv\Lib\site-packages\django\db\models\query.py", line 1847, in _insert
    return query.get_compiler(using=using).execute_sql(returning_fields)
           ^^^^^^^^^^^^^^^^^^^^^^^^^^^^^^^^^^^^^^^^^^^^^^^^^^^^^^^^^^^^^
  File "C:\Users\rprokopiev\Documents\Django\Sem\DjangoSem\.venv\Lib\site-packages\django\db\models\sql\compiler.py", line 1823, in execute_sql
    cursor.execute(sql, params)
  File "C:\Users\rprokopiev\Documents\Django\Sem\DjangoSem\.venv\Lib\site-packages\django\db\backends\utils.py", line 122, in execute
    return super().execute(sql, params)
           ^^^^^^^^^^^^^^^^^^^^^^^^^^^^
  File "C:\Users\rprokopiev\Documents\Django\Sem\DjangoSem\.venv\Lib\site-packages\django\db\backends\utils.py", line 79, in execute
    return self._execute_with_wrappers(
           ^^^^^^^^^^^^^^^^^^^^^^^^^^^^
  File "C:\Users\rprokopiev\Documents\Django\Sem\DjangoSem\.venv\Lib\site-packages\django\db\backends\utils.py", line 92, in _execute_with_wrappers
    return executor(sql, params, many, context)
           ^^^^^^^^^^^^^^^^^^^^^^^^^^^^^^^^^^^^
  File "C:\Users\rprokopiev\Documents\Django\Sem\DjangoSem\.venv\Lib\site-packages\django\db\backends\utils.py", line 100, in _execute
    with self.db.wrap_database_errors:
  File "C:\Users\rprokopiev\Documents\Django\Sem\DjangoSem\.venv\Lib\site-packages\django\db\utils.py", line 91, in __exit__
    raise dj_exc_value.with_traceback(traceback) from exc_value
  File "C:\Users\rprokopiev\Documents\Django\Sem\DjangoSem\.venv\Lib\site-packages\django\db\backends\utils.py", line 105, in _execute
    return self.cursor.execute(sql, params)
           ^^^^^^^^^^^^^^^^^^^^^^^^^^^^^^^^
  File "C:\Users\rprokopiev\Documents\Django\Sem\DjangoSem\.venv\Lib\site-packages\django\db\backends\sqlite3\base.py", line 329, in execute
    return super().execute(query, params)
           ^^^^^^^^^^^^^^^^^^^^^^^^^^^^^^
django.db.utils.OperationalError: no such table: randomapp_dice
ERROR 2024-02-19 16:39:50,216 basehttp 1860 21484 "GET /randomapp/dice/ HTTP/1.1" 500 148688
INFO 2024-02-19 16:40:43,831 autoreload 1860 14596 C:\Users\rprokopiev\Documents\Django\Sem\DjangoSem\myproject\randomapp\views.py changed, reloading.
INFO 2024-02-19 16:40:44,515 autoreload 21008 21316 Watching for file changes with StatReloader
INFO 2024-02-19 16:40:46,923 views 21008 8132 4
ERROR 2024-02-19 16:40:47,007 log 21008 8132 Internal Server Error: /randomapp/dice/
Traceback (most recent call last):
  File "C:\Users\rprokopiev\Documents\Django\Sem\DjangoSem\.venv\Lib\site-packages\django\db\backends\utils.py", line 105, in _execute
    return self.cursor.execute(sql, params)
           ^^^^^^^^^^^^^^^^^^^^^^^^^^^^^^^^
  File "C:\Users\rprokopiev\Documents\Django\Sem\DjangoSem\.venv\Lib\site-packages\django\db\backends\sqlite3\base.py", line 329, in execute
    return super().execute(query, params)
           ^^^^^^^^^^^^^^^^^^^^^^^^^^^^^^
sqlite3.OperationalError: no such table: randomapp_dice

The above exception was the direct cause of the following exception:

Traceback (most recent call last):
  File "C:\Users\rprokopiev\Documents\Django\Sem\DjangoSem\.venv\Lib\site-packages\django\core\handlers\exception.py", line 55, in inner
    response = get_response(request)
               ^^^^^^^^^^^^^^^^^^^^^
  File "C:\Users\rprokopiev\Documents\Django\Sem\DjangoSem\.venv\Lib\site-packages\django\core\handlers\base.py", line 197, in _get_response
    response = wrapped_callback(request, *callback_args, **callback_kwargs)
               ^^^^^^^^^^^^^^^^^^^^^^^^^^^^^^^^^^^^^^^^^^^^^^^^^^^^^^^^^^^^
  File "C:\Users\rprokopiev\Documents\Django\Sem\DjangoSem\myproject\randomapp\views.py", line 33, in dice
    game_result.save()
  File "C:\Users\rprokopiev\Documents\Django\Sem\DjangoSem\.venv\Lib\site-packages\django\db\models\base.py", line 822, in save
    self.save_base(
  File "C:\Users\rprokopiev\Documents\Django\Sem\DjangoSem\.venv\Lib\site-packages\django\db\models\base.py", line 909, in save_base
    updated = self._save_table(
              ^^^^^^^^^^^^^^^^^
  File "C:\Users\rprokopiev\Documents\Django\Sem\DjangoSem\.venv\Lib\site-packages\django\db\models\base.py", line 1067, in _save_table
    results = self._do_insert(
              ^^^^^^^^^^^^^^^^
  File "C:\Users\rprokopiev\Documents\Django\Sem\DjangoSem\.venv\Lib\site-packages\django\db\models\base.py", line 1108, in _do_insert
    return manager._insert(
           ^^^^^^^^^^^^^^^^
  File "C:\Users\rprokopiev\Documents\Django\Sem\DjangoSem\.venv\Lib\site-packages\django\db\models\manager.py", line 87, in manager_method
    return getattr(self.get_queryset(), name)(*args, **kwargs)
           ^^^^^^^^^^^^^^^^^^^^^^^^^^^^^^^^^^^^^^^^^^^^^^^^^^^
  File "C:\Users\rprokopiev\Documents\Django\Sem\DjangoSem\.venv\Lib\site-packages\django\db\models\query.py", line 1847, in _insert
    return query.get_compiler(using=using).execute_sql(returning_fields)
           ^^^^^^^^^^^^^^^^^^^^^^^^^^^^^^^^^^^^^^^^^^^^^^^^^^^^^^^^^^^^^
  File "C:\Users\rprokopiev\Documents\Django\Sem\DjangoSem\.venv\Lib\site-packages\django\db\models\sql\compiler.py", line 1823, in execute_sql
    cursor.execute(sql, params)
  File "C:\Users\rprokopiev\Documents\Django\Sem\DjangoSem\.venv\Lib\site-packages\django\db\backends\utils.py", line 122, in execute
    return super().execute(sql, params)
           ^^^^^^^^^^^^^^^^^^^^^^^^^^^^
  File "C:\Users\rprokopiev\Documents\Django\Sem\DjangoSem\.venv\Lib\site-packages\django\db\backends\utils.py", line 79, in execute
    return self._execute_with_wrappers(
           ^^^^^^^^^^^^^^^^^^^^^^^^^^^^
  File "C:\Users\rprokopiev\Documents\Django\Sem\DjangoSem\.venv\Lib\site-packages\django\db\backends\utils.py", line 92, in _execute_with_wrappers
    return executor(sql, params, many, context)
           ^^^^^^^^^^^^^^^^^^^^^^^^^^^^^^^^^^^^
  File "C:\Users\rprokopiev\Documents\Django\Sem\DjangoSem\.venv\Lib\site-packages\django\db\backends\utils.py", line 100, in _execute
    with self.db.wrap_database_errors:
  File "C:\Users\rprokopiev\Documents\Django\Sem\DjangoSem\.venv\Lib\site-packages\django\db\utils.py", line 91, in __exit__
    raise dj_exc_value.with_traceback(traceback) from exc_value
  File "C:\Users\rprokopiev\Documents\Django\Sem\DjangoSem\.venv\Lib\site-packages\django\db\backends\utils.py", line 105, in _execute
    return self.cursor.execute(sql, params)
           ^^^^^^^^^^^^^^^^^^^^^^^^^^^^^^^^
  File "C:\Users\rprokopiev\Documents\Django\Sem\DjangoSem\.venv\Lib\site-packages\django\db\backends\sqlite3\base.py", line 329, in execute
    return super().execute(query, params)
           ^^^^^^^^^^^^^^^^^^^^^^^^^^^^^^
django.db.utils.OperationalError: no such table: randomapp_dice
ERROR 2024-02-19 16:40:47,021 basehttp 21008 8132 "GET /randomapp/dice/ HTTP/1.1" 500 148814
INFO 2024-02-19 16:41:22,296 autoreload 21008 21316 C:\Users\rprokopiev\Documents\Django\Sem\DjangoSem\myproject\randomapp\views.py changed, reloading.
INFO 2024-02-19 16:41:23,047 autoreload 7852 10308 Watching for file changes with StatReloader
INFO 2024-02-19 16:41:23,457 views 7852 20720 4
ERROR 2024-02-19 16:41:23,551 log 7852 20720 Internal Server Error: /randomapp/dice/
Traceback (most recent call last):
  File "C:\Users\rprokopiev\Documents\Django\Sem\DjangoSem\.venv\Lib\site-packages\django\db\backends\utils.py", line 105, in _execute
    return self.cursor.execute(sql, params)
           ^^^^^^^^^^^^^^^^^^^^^^^^^^^^^^^^
  File "C:\Users\rprokopiev\Documents\Django\Sem\DjangoSem\.venv\Lib\site-packages\django\db\backends\sqlite3\base.py", line 329, in execute
    return super().execute(query, params)
           ^^^^^^^^^^^^^^^^^^^^^^^^^^^^^^
sqlite3.OperationalError: no such table: randomapp_dice

The above exception was the direct cause of the following exception:

Traceback (most recent call last):
  File "C:\Users\rprokopiev\Documents\Django\Sem\DjangoSem\.venv\Lib\site-packages\django\core\handlers\exception.py", line 55, in inner
    response = get_response(request)
               ^^^^^^^^^^^^^^^^^^^^^
  File "C:\Users\rprokopiev\Documents\Django\Sem\DjangoSem\.venv\Lib\site-packages\django\core\handlers\base.py", line 197, in _get_response
    response = wrapped_callback(request, *callback_args, **callback_kwargs)
               ^^^^^^^^^^^^^^^^^^^^^^^^^^^^^^^^^^^^^^^^^^^^^^^^^^^^^^^^^^^^
  File "C:\Users\rprokopiev\Documents\Django\Sem\DjangoSem\myproject\randomapp\views.py", line 33, in dice
    game_result.save()
  File "C:\Users\rprokopiev\Documents\Django\Sem\DjangoSem\.venv\Lib\site-packages\django\db\models\base.py", line 822, in save
    self.save_base(
  File "C:\Users\rprokopiev\Documents\Django\Sem\DjangoSem\.venv\Lib\site-packages\django\db\models\base.py", line 909, in save_base
    updated = self._save_table(
              ^^^^^^^^^^^^^^^^^
  File "C:\Users\rprokopiev\Documents\Django\Sem\DjangoSem\.venv\Lib\site-packages\django\db\models\base.py", line 1067, in _save_table
    results = self._do_insert(
              ^^^^^^^^^^^^^^^^
  File "C:\Users\rprokopiev\Documents\Django\Sem\DjangoSem\.venv\Lib\site-packages\django\db\models\base.py", line 1108, in _do_insert
    return manager._insert(
           ^^^^^^^^^^^^^^^^
  File "C:\Users\rprokopiev\Documents\Django\Sem\DjangoSem\.venv\Lib\site-packages\django\db\models\manager.py", line 87, in manager_method
    return getattr(self.get_queryset(), name)(*args, **kwargs)
           ^^^^^^^^^^^^^^^^^^^^^^^^^^^^^^^^^^^^^^^^^^^^^^^^^^^
  File "C:\Users\rprokopiev\Documents\Django\Sem\DjangoSem\.venv\Lib\site-packages\django\db\models\query.py", line 1847, in _insert
    return query.get_compiler(using=using).execute_sql(returning_fields)
           ^^^^^^^^^^^^^^^^^^^^^^^^^^^^^^^^^^^^^^^^^^^^^^^^^^^^^^^^^^^^^
  File "C:\Users\rprokopiev\Documents\Django\Sem\DjangoSem\.venv\Lib\site-packages\django\db\models\sql\compiler.py", line 1823, in execute_sql
    cursor.execute(sql, params)
  File "C:\Users\rprokopiev\Documents\Django\Sem\DjangoSem\.venv\Lib\site-packages\django\db\backends\utils.py", line 122, in execute
    return super().execute(sql, params)
           ^^^^^^^^^^^^^^^^^^^^^^^^^^^^
  File "C:\Users\rprokopiev\Documents\Django\Sem\DjangoSem\.venv\Lib\site-packages\django\db\backends\utils.py", line 79, in execute
    return self._execute_with_wrappers(
           ^^^^^^^^^^^^^^^^^^^^^^^^^^^^
  File "C:\Users\rprokopiev\Documents\Django\Sem\DjangoSem\.venv\Lib\site-packages\django\db\backends\utils.py", line 92, in _execute_with_wrappers
    return executor(sql, params, many, context)
           ^^^^^^^^^^^^^^^^^^^^^^^^^^^^^^^^^^^^
  File "C:\Users\rprokopiev\Documents\Django\Sem\DjangoSem\.venv\Lib\site-packages\django\db\backends\utils.py", line 100, in _execute
    with self.db.wrap_database_errors:
  File "C:\Users\rprokopiev\Documents\Django\Sem\DjangoSem\.venv\Lib\site-packages\django\db\utils.py", line 91, in __exit__
    raise dj_exc_value.with_traceback(traceback) from exc_value
  File "C:\Users\rprokopiev\Documents\Django\Sem\DjangoSem\.venv\Lib\site-packages\django\db\backends\utils.py", line 105, in _execute
    return self.cursor.execute(sql, params)
           ^^^^^^^^^^^^^^^^^^^^^^^^^^^^^^^^
  File "C:\Users\rprokopiev\Documents\Django\Sem\DjangoSem\.venv\Lib\site-packages\django\db\backends\sqlite3\base.py", line 329, in execute
    return super().execute(query, params)
           ^^^^^^^^^^^^^^^^^^^^^^^^^^^^^^
django.db.utils.OperationalError: no such table: randomapp_dice
ERROR 2024-02-19 16:41:23,583 basehttp 7852 20720 "GET /randomapp/dice/ HTTP/1.1" 500 148866
INFO 2024-02-19 16:41:24,480 views 7852 5112 3
ERROR 2024-02-19 16:41:24,514 log 7852 5112 Internal Server Error: /randomapp/dice/
Traceback (most recent call last):
  File "C:\Users\rprokopiev\Documents\Django\Sem\DjangoSem\.venv\Lib\site-packages\django\db\backends\utils.py", line 105, in _execute
    return self.cursor.execute(sql, params)
           ^^^^^^^^^^^^^^^^^^^^^^^^^^^^^^^^
  File "C:\Users\rprokopiev\Documents\Django\Sem\DjangoSem\.venv\Lib\site-packages\django\db\backends\sqlite3\base.py", line 329, in execute
    return super().execute(query, params)
           ^^^^^^^^^^^^^^^^^^^^^^^^^^^^^^
sqlite3.OperationalError: no such table: randomapp_dice

The above exception was the direct cause of the following exception:

Traceback (most recent call last):
  File "C:\Users\rprokopiev\Documents\Django\Sem\DjangoSem\.venv\Lib\site-packages\django\core\handlers\exception.py", line 55, in inner
    response = get_response(request)
               ^^^^^^^^^^^^^^^^^^^^^
  File "C:\Users\rprokopiev\Documents\Django\Sem\DjangoSem\.venv\Lib\site-packages\django\core\handlers\base.py", line 197, in _get_response
    response = wrapped_callback(request, *callback_args, **callback_kwargs)
               ^^^^^^^^^^^^^^^^^^^^^^^^^^^^^^^^^^^^^^^^^^^^^^^^^^^^^^^^^^^^
  File "C:\Users\rprokopiev\Documents\Django\Sem\DjangoSem\myproject\randomapp\views.py", line 33, in dice
    game_result.save()
  File "C:\Users\rprokopiev\Documents\Django\Sem\DjangoSem\.venv\Lib\site-packages\django\db\models\base.py", line 822, in save
    self.save_base(
  File "C:\Users\rprokopiev\Documents\Django\Sem\DjangoSem\.venv\Lib\site-packages\django\db\models\base.py", line 909, in save_base
    updated = self._save_table(
              ^^^^^^^^^^^^^^^^^
  File "C:\Users\rprokopiev\Documents\Django\Sem\DjangoSem\.venv\Lib\site-packages\django\db\models\base.py", line 1067, in _save_table
    results = self._do_insert(
              ^^^^^^^^^^^^^^^^
  File "C:\Users\rprokopiev\Documents\Django\Sem\DjangoSem\.venv\Lib\site-packages\django\db\models\base.py", line 1108, in _do_insert
    return manager._insert(
           ^^^^^^^^^^^^^^^^
  File "C:\Users\rprokopiev\Documents\Django\Sem\DjangoSem\.venv\Lib\site-packages\django\db\models\manager.py", line 87, in manager_method
    return getattr(self.get_queryset(), name)(*args, **kwargs)
           ^^^^^^^^^^^^^^^^^^^^^^^^^^^^^^^^^^^^^^^^^^^^^^^^^^^
  File "C:\Users\rprokopiev\Documents\Django\Sem\DjangoSem\.venv\Lib\site-packages\django\db\models\query.py", line 1847, in _insert
    return query.get_compiler(using=using).execute_sql(returning_fields)
           ^^^^^^^^^^^^^^^^^^^^^^^^^^^^^^^^^^^^^^^^^^^^^^^^^^^^^^^^^^^^^
  File "C:\Users\rprokopiev\Documents\Django\Sem\DjangoSem\.venv\Lib\site-packages\django\db\models\sql\compiler.py", line 1823, in execute_sql
    cursor.execute(sql, params)
  File "C:\Users\rprokopiev\Documents\Django\Sem\DjangoSem\.venv\Lib\site-packages\django\db\backends\utils.py", line 122, in execute
    return super().execute(sql, params)
           ^^^^^^^^^^^^^^^^^^^^^^^^^^^^
  File "C:\Users\rprokopiev\Documents\Django\Sem\DjangoSem\.venv\Lib\site-packages\django\db\backends\utils.py", line 79, in execute
    return self._execute_with_wrappers(
           ^^^^^^^^^^^^^^^^^^^^^^^^^^^^
  File "C:\Users\rprokopiev\Documents\Django\Sem\DjangoSem\.venv\Lib\site-packages\django\db\backends\utils.py", line 92, in _execute_with_wrappers
    return executor(sql, params, many, context)
           ^^^^^^^^^^^^^^^^^^^^^^^^^^^^^^^^^^^^
  File "C:\Users\rprokopiev\Documents\Django\Sem\DjangoSem\.venv\Lib\site-packages\django\db\backends\utils.py", line 100, in _execute
    with self.db.wrap_database_errors:
  File "C:\Users\rprokopiev\Documents\Django\Sem\DjangoSem\.venv\Lib\site-packages\django\db\utils.py", line 91, in __exit__
    raise dj_exc_value.with_traceback(traceback) from exc_value
  File "C:\Users\rprokopiev\Documents\Django\Sem\DjangoSem\.venv\Lib\site-packages\django\db\backends\utils.py", line 105, in _execute
    return self.cursor.execute(sql, params)
           ^^^^^^^^^^^^^^^^^^^^^^^^^^^^^^^^
  File "C:\Users\rprokopiev\Documents\Django\Sem\DjangoSem\.venv\Lib\site-packages\django\db\backends\sqlite3\base.py", line 329, in execute
    return super().execute(query, params)
           ^^^^^^^^^^^^^^^^^^^^^^^^^^^^^^
django.db.utils.OperationalError: no such table: randomapp_dice
ERROR 2024-02-19 16:41:24,528 basehttp 7852 5112 "GET /randomapp/dice/ HTTP/1.1" 500 148866
INFO 2024-02-19 16:41:55,451 views 7852 3788 ranadomapp - index
INFO 2024-02-19 16:41:55,457 basehttp 7852 3788 "GET /randomapp/ HTTP/1.1" 200 490
INFO 2024-02-19 16:41:57,391 views 7852 3788 Random Int: 89
ERROR 2024-02-19 16:41:57,426 log 7852 3788 Internal Server Error: /randomapp/randomint/
Traceback (most recent call last):
  File "C:\Users\rprokopiev\Documents\Django\Sem\DjangoSem\.venv\Lib\site-packages\django\db\backends\utils.py", line 105, in _execute
    return self.cursor.execute(sql, params)
           ^^^^^^^^^^^^^^^^^^^^^^^^^^^^^^^^
  File "C:\Users\rprokopiev\Documents\Django\Sem\DjangoSem\.venv\Lib\site-packages\django\db\backends\sqlite3\base.py", line 329, in execute
    return super().execute(query, params)
           ^^^^^^^^^^^^^^^^^^^^^^^^^^^^^^
sqlite3.OperationalError: no such table: randomapp_randomint

The above exception was the direct cause of the following exception:

Traceback (most recent call last):
  File "C:\Users\rprokopiev\Documents\Django\Sem\DjangoSem\.venv\Lib\site-packages\django\core\handlers\exception.py", line 55, in inner
    response = get_response(request)
               ^^^^^^^^^^^^^^^^^^^^^
  File "C:\Users\rprokopiev\Documents\Django\Sem\DjangoSem\.venv\Lib\site-packages\django\core\handlers\base.py", line 197, in _get_response
    response = wrapped_callback(request, *callback_args, **callback_kwargs)
               ^^^^^^^^^^^^^^^^^^^^^^^^^^^^^^^^^^^^^^^^^^^^^^^^^^^^^^^^^^^^
  File "C:\Users\rprokopiev\Documents\Django\Sem\DjangoSem\myproject\randomapp\views.py", line 44, in random_int
    game_result.save()
  File "C:\Users\rprokopiev\Documents\Django\Sem\DjangoSem\.venv\Lib\site-packages\django\db\models\base.py", line 822, in save
    self.save_base(
  File "C:\Users\rprokopiev\Documents\Django\Sem\DjangoSem\.venv\Lib\site-packages\django\db\models\base.py", line 909, in save_base
    updated = self._save_table(
              ^^^^^^^^^^^^^^^^^
  File "C:\Users\rprokopiev\Documents\Django\Sem\DjangoSem\.venv\Lib\site-packages\django\db\models\base.py", line 1067, in _save_table
    results = self._do_insert(
              ^^^^^^^^^^^^^^^^
  File "C:\Users\rprokopiev\Documents\Django\Sem\DjangoSem\.venv\Lib\site-packages\django\db\models\base.py", line 1108, in _do_insert
    return manager._insert(
           ^^^^^^^^^^^^^^^^
  File "C:\Users\rprokopiev\Documents\Django\Sem\DjangoSem\.venv\Lib\site-packages\django\db\models\manager.py", line 87, in manager_method
    return getattr(self.get_queryset(), name)(*args, **kwargs)
           ^^^^^^^^^^^^^^^^^^^^^^^^^^^^^^^^^^^^^^^^^^^^^^^^^^^
  File "C:\Users\rprokopiev\Documents\Django\Sem\DjangoSem\.venv\Lib\site-packages\django\db\models\query.py", line 1847, in _insert
    return query.get_compiler(using=using).execute_sql(returning_fields)
           ^^^^^^^^^^^^^^^^^^^^^^^^^^^^^^^^^^^^^^^^^^^^^^^^^^^^^^^^^^^^^
  File "C:\Users\rprokopiev\Documents\Django\Sem\DjangoSem\.venv\Lib\site-packages\django\db\models\sql\compiler.py", line 1823, in execute_sql
    cursor.execute(sql, params)
  File "C:\Users\rprokopiev\Documents\Django\Sem\DjangoSem\.venv\Lib\site-packages\django\db\backends\utils.py", line 122, in execute
    return super().execute(sql, params)
           ^^^^^^^^^^^^^^^^^^^^^^^^^^^^
  File "C:\Users\rprokopiev\Documents\Django\Sem\DjangoSem\.venv\Lib\site-packages\django\db\backends\utils.py", line 79, in execute
    return self._execute_with_wrappers(
           ^^^^^^^^^^^^^^^^^^^^^^^^^^^^
  File "C:\Users\rprokopiev\Documents\Django\Sem\DjangoSem\.venv\Lib\site-packages\django\db\backends\utils.py", line 92, in _execute_with_wrappers
    return executor(sql, params, many, context)
           ^^^^^^^^^^^^^^^^^^^^^^^^^^^^^^^^^^^^
  File "C:\Users\rprokopiev\Documents\Django\Sem\DjangoSem\.venv\Lib\site-packages\django\db\backends\utils.py", line 100, in _execute
    with self.db.wrap_database_errors:
  File "C:\Users\rprokopiev\Documents\Django\Sem\DjangoSem\.venv\Lib\site-packages\django\db\utils.py", line 91, in __exit__
    raise dj_exc_value.with_traceback(traceback) from exc_value
  File "C:\Users\rprokopiev\Documents\Django\Sem\DjangoSem\.venv\Lib\site-packages\django\db\backends\utils.py", line 105, in _execute
    return self.cursor.execute(sql, params)
           ^^^^^^^^^^^^^^^^^^^^^^^^^^^^^^^^
  File "C:\Users\rprokopiev\Documents\Django\Sem\DjangoSem\.venv\Lib\site-packages\django\db\backends\sqlite3\base.py", line 329, in execute
    return super().execute(query, params)
           ^^^^^^^^^^^^^^^^^^^^^^^^^^^^^^
django.db.utils.OperationalError: no such table: randomapp_randomint
ERROR 2024-02-19 16:41:57,441 basehttp 7852 3788 "GET /randomapp/randomint/ HTTP/1.1" 500 148603
INFO 2024-02-19 16:42:18,080 autoreload 7852 10308 C:\Users\rprokopiev\Documents\Django\Sem\DjangoSem\myproject\randomapp\views.py changed, reloading.
INFO 2024-02-19 16:42:18,732 autoreload 20912 18452 Watching for file changes with StatReloader
INFO 2024-02-19 16:42:22,237 views 20912 10504 ranadomapp - index
INFO 2024-02-19 16:42:22,265 basehttp 20912 10504 "GET /randomapp/ HTTP/1.1" 200 490
INFO 2024-02-19 16:42:24,409 views 20912 3380 2
ERROR 2024-02-19 16:42:24,501 log 20912 3380 Internal Server Error: /randomapp/dice/
Traceback (most recent call last):
  File "C:\Users\rprokopiev\Documents\Django\Sem\DjangoSem\.venv\Lib\site-packages\django\db\backends\utils.py", line 105, in _execute
    return self.cursor.execute(sql, params)
           ^^^^^^^^^^^^^^^^^^^^^^^^^^^^^^^^
  File "C:\Users\rprokopiev\Documents\Django\Sem\DjangoSem\.venv\Lib\site-packages\django\db\backends\sqlite3\base.py", line 329, in execute
    return super().execute(query, params)
           ^^^^^^^^^^^^^^^^^^^^^^^^^^^^^^
sqlite3.OperationalError: no such table: randomapp_dice

The above exception was the direct cause of the following exception:

Traceback (most recent call last):
  File "C:\Users\rprokopiev\Documents\Django\Sem\DjangoSem\.venv\Lib\site-packages\django\core\handlers\exception.py", line 55, in inner
    response = get_response(request)
               ^^^^^^^^^^^^^^^^^^^^^
  File "C:\Users\rprokopiev\Documents\Django\Sem\DjangoSem\.venv\Lib\site-packages\django\core\handlers\base.py", line 197, in _get_response
    response = wrapped_callback(request, *callback_args, **callback_kwargs)
               ^^^^^^^^^^^^^^^^^^^^^^^^^^^^^^^^^^^^^^^^^^^^^^^^^^^^^^^^^^^^
  File "C:\Users\rprokopiev\Documents\Django\Sem\DjangoSem\myproject\randomapp\views.py", line 33, in dice
    game_result.save()
  File "C:\Users\rprokopiev\Documents\Django\Sem\DjangoSem\.venv\Lib\site-packages\django\db\models\base.py", line 822, in save
    self.save_base(
  File "C:\Users\rprokopiev\Documents\Django\Sem\DjangoSem\.venv\Lib\site-packages\django\db\models\base.py", line 909, in save_base
    updated = self._save_table(
              ^^^^^^^^^^^^^^^^^
  File "C:\Users\rprokopiev\Documents\Django\Sem\DjangoSem\.venv\Lib\site-packages\django\db\models\base.py", line 1067, in _save_table
    results = self._do_insert(
              ^^^^^^^^^^^^^^^^
  File "C:\Users\rprokopiev\Documents\Django\Sem\DjangoSem\.venv\Lib\site-packages\django\db\models\base.py", line 1108, in _do_insert
    return manager._insert(
           ^^^^^^^^^^^^^^^^
  File "C:\Users\rprokopiev\Documents\Django\Sem\DjangoSem\.venv\Lib\site-packages\django\db\models\manager.py", line 87, in manager_method
    return getattr(self.get_queryset(), name)(*args, **kwargs)
           ^^^^^^^^^^^^^^^^^^^^^^^^^^^^^^^^^^^^^^^^^^^^^^^^^^^
  File "C:\Users\rprokopiev\Documents\Django\Sem\DjangoSem\.venv\Lib\site-packages\django\db\models\query.py", line 1847, in _insert
    return query.get_compiler(using=using).execute_sql(returning_fields)
           ^^^^^^^^^^^^^^^^^^^^^^^^^^^^^^^^^^^^^^^^^^^^^^^^^^^^^^^^^^^^^
  File "C:\Users\rprokopiev\Documents\Django\Sem\DjangoSem\.venv\Lib\site-packages\django\db\models\sql\compiler.py", line 1823, in execute_sql
    cursor.execute(sql, params)
  File "C:\Users\rprokopiev\Documents\Django\Sem\DjangoSem\.venv\Lib\site-packages\django\db\backends\utils.py", line 122, in execute
    return super().execute(sql, params)
           ^^^^^^^^^^^^^^^^^^^^^^^^^^^^
  File "C:\Users\rprokopiev\Documents\Django\Sem\DjangoSem\.venv\Lib\site-packages\django\db\backends\utils.py", line 79, in execute
    return self._execute_with_wrappers(
           ^^^^^^^^^^^^^^^^^^^^^^^^^^^^
  File "C:\Users\rprokopiev\Documents\Django\Sem\DjangoSem\.venv\Lib\site-packages\django\db\backends\utils.py", line 92, in _execute_with_wrappers
    return executor(sql, params, many, context)
           ^^^^^^^^^^^^^^^^^^^^^^^^^^^^^^^^^^^^
  File "C:\Users\rprokopiev\Documents\Django\Sem\DjangoSem\.venv\Lib\site-packages\django\db\backends\utils.py", line 100, in _execute
    with self.db.wrap_database_errors:
  File "C:\Users\rprokopiev\Documents\Django\Sem\DjangoSem\.venv\Lib\site-packages\django\db\utils.py", line 91, in __exit__
    raise dj_exc_value.with_traceback(traceback) from exc_value
  File "C:\Users\rprokopiev\Documents\Django\Sem\DjangoSem\.venv\Lib\site-packages\django\db\backends\utils.py", line 105, in _execute
    return self.cursor.execute(sql, params)
           ^^^^^^^^^^^^^^^^^^^^^^^^^^^^^^^^
  File "C:\Users\rprokopiev\Documents\Django\Sem\DjangoSem\.venv\Lib\site-packages\django\db\backends\sqlite3\base.py", line 329, in execute
    return super().execute(query, params)
           ^^^^^^^^^^^^^^^^^^^^^^^^^^^^^^
django.db.utils.OperationalError: no such table: randomapp_dice
ERROR 2024-02-19 16:42:24,526 basehttp 20912 3380 "GET /randomapp/dice/ HTTP/1.1" 500 148671
INFO 2024-02-19 16:44:04,476 autoreload 8360 17648 Watching for file changes with StatReloader
INFO 2024-02-19 16:44:07,337 views 8360 20660 6
INFO 2024-02-19 16:44:07,394 views 8360 20660 Dice # 1 model created
INFO 2024-02-19 16:44:07,403 basehttp 8360 20660 "GET /randomapp/dice/ HTTP/1.1" 200 326
INFO 2024-02-19 16:44:12,934 views 8360 13408 ranadomapp - index
INFO 2024-02-19 16:44:12,939 basehttp 8360 13408 "GET /randomapp/ HTTP/1.1" 200 490
INFO 2024-02-19 16:44:15,104 views 8360 13408 Random Int: 75
INFO 2024-02-19 16:44:15,116 views 8360 13408 Random Int # 1 model created
INFO 2024-02-19 16:44:15,119 basehttp 8360 13408 "GET /randomapp/randomint/ HTTP/1.1" 200 332
INFO 2024-02-19 16:44:36,908 autoreload 8360 17648 C:\Users\rprokopiev\Documents\Django\Sem\DjangoSem\myproject\randomapp\views.py changed, reloading.
INFO 2024-02-19 16:44:37,536 autoreload 21004 13592 Watching for file changes with StatReloader
INFO 2024-02-19 16:44:40,711 views 21004 21296 ranadomapp - index
INFO 2024-02-19 16:44:40,759 basehttp 21004 21296 "GET /randomapp/ HTTP/1.1" 200 490
INFO 2024-02-19 16:44:43,591 views 21004 21296 HEADS
INFO 2024-02-19 16:44:43,624 views 21004 21296 HeadsTails #20 Model created
INFO 2024-02-19 16:44:43,627 basehttp 21004 21296 "GET /randomapp/headstails/ HTTP/1.1" 200 335
INFO 2024-02-19 16:44:48,666 views 21004 21296 4
INFO 2024-02-19 16:44:48,685 views 21004 21296 Dice # 2 model created
INFO 2024-02-19 16:44:48,687 basehttp 21004 21296 "GET /randomapp/dice/ HTTP/1.1" 200 331
INFO 2024-02-19 16:44:50,883 views 21004 4732 Random Int: 87
INFO 2024-02-19 16:44:50,900 views 21004 4732 Random Int # 2 model created
INFO 2024-02-19 16:44:50,902 basehttp 21004 4732 "GET /randomapp/randomint/ HTTP/1.1" 200 332
INFO 2024-02-20 12:48:58,593 autoreload 14228 21344 Watching for file changes with StatReloader
INFO 2024-02-20 12:49:12,119 views 14228 19496 ranadomapp - index
INFO 2024-02-20 12:49:12,152 basehttp 14228 19496 "GET /randomapp/ HTTP/1.1" 200 490
WARNING 2024-02-20 12:49:12,266 log 14228 19496 Not Found: /favicon.ico
WARNING 2024-02-20 12:49:12,266 basehttp 14228 19496 "GET /favicon.ico HTTP/1.1" 404 2666
WARNING 2024-02-20 12:49:17,230 log 14228 19496 Not Found: /about/
WARNING 2024-02-20 12:49:17,232 basehttp 14228 19496 "GET /about/ HTTP/1.1" 404 2651
INFO 2024-02-20 12:49:21,254 views 14228 8712 articleapp - about us
ERROR 2024-02-20 12:49:21,332 log 14228 8712 Internal Server Error: /articleapp/about/
Traceback (most recent call last):
  File "C:\Users\rprokopiev\Documents\Django\Sem\DjangoSem\.venv\Lib\site-packages\django\core\handlers\exception.py", line 55, in inner
    response = get_response(request)
               ^^^^^^^^^^^^^^^^^^^^^
  File "C:\Users\rprokopiev\Documents\Django\Sem\DjangoSem\.venv\Lib\site-packages\django\core\handlers\base.py", line 197, in _get_response
    response = wrapped_callback(request, *callback_args, **callback_kwargs)
               ^^^^^^^^^^^^^^^^^^^^^^^^^^^^^^^^^^^^^^^^^^^^^^^^^^^^^^^^^^^^
  File "C:\Users\rprokopiev\Documents\Django\Sem\DjangoSem\myproject\articleapp\views.py", line 17, in about
    return render(request, 'articleapp/about.html', context={'content': 'about page'})
           ^^^^^^^^^^^^^^^^^^^^^^^^^^^^^^^^^^^^^^^^^^^^^^^^^^^^^^^^^^^^^^^^^^^^^^^^^^^
  File "C:\Users\rprokopiev\Documents\Django\Sem\DjangoSem\.venv\Lib\site-packages\django\shortcuts.py", line 25, in render
    content = loader.render_to_string(template_name, context, request, using=using)
              ^^^^^^^^^^^^^^^^^^^^^^^^^^^^^^^^^^^^^^^^^^^^^^^^^^^^^^^^^^^^^^^^^^^^^
  File "C:\Users\rprokopiev\Documents\Django\Sem\DjangoSem\.venv\Lib\site-packages\django\template\loader.py", line 62, in render_to_string
    return template.render(context, request)
           ^^^^^^^^^^^^^^^^^^^^^^^^^^^^^^^^^
  File "C:\Users\rprokopiev\Documents\Django\Sem\DjangoSem\.venv\Lib\site-packages\django\template\backends\django.py", line 61, in render
    return self.template.render(context)
           ^^^^^^^^^^^^^^^^^^^^^^^^^^^^^
  File "C:\Users\rprokopiev\Documents\Django\Sem\DjangoSem\.venv\Lib\site-packages\django\template\base.py", line 171, in render
    return self._render(context)
           ^^^^^^^^^^^^^^^^^^^^^
  File "C:\Users\rprokopiev\Documents\Django\Sem\DjangoSem\.venv\Lib\site-packages\django\template\base.py", line 163, in _render
    return self.nodelist.render(context)
           ^^^^^^^^^^^^^^^^^^^^^^^^^^^^^
  File "C:\Users\rprokopiev\Documents\Django\Sem\DjangoSem\.venv\Lib\site-packages\django\template\base.py", line 1000, in render
    return SafeString("".join([node.render_annotated(context) for node in self]))
                               ^^^^^^^^^^^^^^^^^^^^^^^^^^^^^^
  File "C:\Users\rprokopiev\Documents\Django\Sem\DjangoSem\.venv\Lib\site-packages\django\template\base.py", line 961, in render_annotated
    return self.render(context)
           ^^^^^^^^^^^^^^^^^^^^
  File "C:\Users\rprokopiev\Documents\Django\Sem\DjangoSem\.venv\Lib\site-packages\django\template\loader_tags.py", line 134, in render
    compiled_parent = self.get_parent(context)
                      ^^^^^^^^^^^^^^^^^^^^^^^^
  File "C:\Users\rprokopiev\Documents\Django\Sem\DjangoSem\.venv\Lib\site-packages\django\template\loader_tags.py", line 131, in get_parent
    return self.find_template(parent, context)
           ^^^^^^^^^^^^^^^^^^^^^^^^^^^^^^^^^^^
  File "C:\Users\rprokopiev\Documents\Django\Sem\DjangoSem\.venv\Lib\site-packages\django\template\loader_tags.py", line 109, in find_template
    template, origin = context.template.engine.find_template(
                       ^^^^^^^^^^^^^^^^^^^^^^^^^^^^^^^^^^^^^^
  File "C:\Users\rprokopiev\Documents\Django\Sem\DjangoSem\.venv\Lib\site-packages\django\template\engine.py", line 159, in find_template
    template = loader.get_template(name, skip=skip)
               ^^^^^^^^^^^^^^^^^^^^^^^^^^^^^^^^^^^^
  File "C:\Users\rprokopiev\Documents\Django\Sem\DjangoSem\.venv\Lib\site-packages\django\template\loaders\cached.py", line 57, in get_template
    template = super().get_template(template_name, skip)
               ^^^^^^^^^^^^^^^^^^^^^^^^^^^^^^^^^^^^^^^^^
  File "C:\Users\rprokopiev\Documents\Django\Sem\DjangoSem\.venv\Lib\site-packages\django\template\loaders\base.py", line 28, in get_template
    return Template(
           ^^^^^^^^^
  File "C:\Users\rprokopiev\Documents\Django\Sem\DjangoSem\.venv\Lib\site-packages\django\template\base.py", line 154, in __init__
    self.nodelist = self.compile_nodelist()
                    ^^^^^^^^^^^^^^^^^^^^^^^
  File "C:\Users\rprokopiev\Documents\Django\Sem\DjangoSem\.venv\Lib\site-packages\django\template\base.py", line 196, in compile_nodelist
    return parser.parse()
           ^^^^^^^^^^^^^^
  File "C:\Users\rprokopiev\Documents\Django\Sem\DjangoSem\.venv\Lib\site-packages\django\template\base.py", line 510, in parse
    raise self.error(token, e)
  File "C:\Users\rprokopiev\Documents\Django\Sem\DjangoSem\.venv\Lib\site-packages\django\template\base.py", line 508, in parse
    compiled_result = compile_func(self, token)
                      ^^^^^^^^^^^^^^^^^^^^^^^^^
  File "C:\Users\rprokopiev\Documents\Django\Sem\DjangoSem\.venv\Lib\site-packages\django\template\loader_tags.py", line 234, in do_block
    nodelist = parser.parse(("endblock",))
               ^^^^^^^^^^^^^^^^^^^^^^^^^^^
  File "C:\Users\rprokopiev\Documents\Django\Sem\DjangoSem\.venv\Lib\site-packages\django\template\base.py", line 515, in parse
    self.unclosed_block_tag(parse_until)
  File "C:\Users\rprokopiev\Documents\Django\Sem\DjangoSem\.venv\Lib\site-packages\django\template\base.py", line 578, in unclosed_block_tag
    raise self.error(token, msg)
django.template.exceptions.TemplateSyntaxError: Unclosed tag on line 6: 'block'. Looking for one of: endblock.
ERROR 2024-02-20 12:49:21,349 basehttp 14228 8712 "GET /articleapp/about/ HTTP/1.1" 500 165472
INFO 2024-02-20 12:50:05,992 views 14228 4348 articleapp - about us
INFO 2024-02-20 12:50:05,996 basehttp 14228 4348 "GET /articleapp/about/ HTTP/1.1" 200 366
INFO 2024-02-20 12:50:13,841 views 14228 2676 articleapp - index
INFO 2024-02-20 12:50:13,845 basehttp 14228 2676 "GET /articleapp/ HTTP/1.1" 200 377
INFO 2024-02-20 12:50:20,666 views 14228 21392 articleapp - about us
INFO 2024-02-20 12:50:20,668 basehttp 14228 21392 "GET /articleapp/about/ HTTP/1.1" 200 366
INFO 2024-02-20 13:30:12,060 autoreload 10656 20648 Watching for file changes with StatReloader
INFO 2024-02-20 13:34:29,939 autoreload 8104 19196 Watching for file changes with StatReloader
INFO 2024-02-20 13:38:17,668 autoreload 8104 19196 C:\Users\rprokopiev\Documents\Django\Sem\DjangoSem\myproject\articleapp\views.py changed, reloading.
INFO 2024-02-20 13:38:18,284 autoreload 14504 17748 Watching for file changes with StatReloader
INFO 2024-02-20 13:39:09,678 autoreload 2236 21912 Watching for file changes with StatReloader
INFO 2024-02-20 13:41:11,778 autoreload 21412 3692 Watching for file changes with StatReloader
INFO 2024-02-20 13:42:18,680 autoreload 21412 3692 C:\Users\rprokopiev\Documents\Django\Sem\DjangoSem\myproject\articleapp\views.py changed, reloading.
INFO 2024-02-20 13:42:19,301 autoreload 18796 1364 Watching for file changes with StatReloader
INFO 2024-02-20 13:42:37,237 views 18796 12376 articleapp - about us
INFO 2024-02-20 13:42:37,275 basehttp 18796 12376 "GET /articleapp/about/ HTTP/1.1" 200 366
INFO 2024-02-20 13:43:18,691 views 18796 19196 articleapp - articles_per_author
INFO 2024-02-20 13:43:18,699 basehttp 18796 19196 "GET /articleapp/author_articles/44 HTTP/1.1" 200 397
INFO 2024-02-20 13:45:17,113 views 18796 10800 articleapp - articles_per_author
INFO 2024-02-20 13:45:17,124 basehttp 18796 10800 "GET /articleapp/author_articles/44 HTTP/1.1" 200 397
INFO 2024-02-20 13:45:18,777 views 18796 10800 articleapp - articles_per_author
INFO 2024-02-20 13:45:18,784 basehttp 18796 10800 "GET /articleapp/author_articles/44 HTTP/1.1" 200 397
INFO 2024-02-20 13:45:47,427 views 18796 1304 articleapp - articles_per_author
ERROR 2024-02-20 13:45:47,521 log 18796 1304 Internal Server Error: /articleapp/author_articles/44
Traceback (most recent call last):
  File "C:\Users\rprokopiev\Documents\Django\Sem\DjangoSem\.venv\Lib\site-packages\django\core\handlers\exception.py", line 55, in inner
    response = get_response(request)
               ^^^^^^^^^^^^^^^^^^^^^
  File "C:\Users\rprokopiev\Documents\Django\Sem\DjangoSem\.venv\Lib\site-packages\django\core\handlers\base.py", line 197, in _get_response
    response = wrapped_callback(request, *callback_args, **callback_kwargs)
               ^^^^^^^^^^^^^^^^^^^^^^^^^^^^^^^^^^^^^^^^^^^^^^^^^^^^^^^^^^^^
  File "C:\Users\rprokopiev\Documents\Django\Sem\DjangoSem\myproject\articleapp\views.py", line 25, in articles_per_author
    return render(request, 'articleapp/author_articles.html', {'author': author, 'articles': articles})
           ^^^^^^^^^^^^^^^^^^^^^^^^^^^^^^^^^^^^^^^^^^^^^^^^^^^^^^^^^^^^^^^^^^^^^^^^^^^^^^^^^^^^^^^^^^^^
  File "C:\Users\rprokopiev\Documents\Django\Sem\DjangoSem\.venv\Lib\site-packages\django\shortcuts.py", line 25, in render
    content = loader.render_to_string(template_name, context, request, using=using)
              ^^^^^^^^^^^^^^^^^^^^^^^^^^^^^^^^^^^^^^^^^^^^^^^^^^^^^^^^^^^^^^^^^^^^^
  File "C:\Users\rprokopiev\Documents\Django\Sem\DjangoSem\.venv\Lib\site-packages\django\template\loader.py", line 62, in render_to_string
    return template.render(context, request)
           ^^^^^^^^^^^^^^^^^^^^^^^^^^^^^^^^^
  File "C:\Users\rprokopiev\Documents\Django\Sem\DjangoSem\.venv\Lib\site-packages\django\template\backends\django.py", line 61, in render
    return self.template.render(context)
           ^^^^^^^^^^^^^^^^^^^^^^^^^^^^^
  File "C:\Users\rprokopiev\Documents\Django\Sem\DjangoSem\.venv\Lib\site-packages\django\template\base.py", line 171, in render
    return self._render(context)
           ^^^^^^^^^^^^^^^^^^^^^
  File "C:\Users\rprokopiev\Documents\Django\Sem\DjangoSem\.venv\Lib\site-packages\django\template\base.py", line 163, in _render
    return self.nodelist.render(context)
           ^^^^^^^^^^^^^^^^^^^^^^^^^^^^^
  File "C:\Users\rprokopiev\Documents\Django\Sem\DjangoSem\.venv\Lib\site-packages\django\template\base.py", line 1000, in render
    return SafeString("".join([node.render_annotated(context) for node in self]))
                               ^^^^^^^^^^^^^^^^^^^^^^^^^^^^^^
  File "C:\Users\rprokopiev\Documents\Django\Sem\DjangoSem\.venv\Lib\site-packages\django\template\base.py", line 961, in render_annotated
    return self.render(context)
           ^^^^^^^^^^^^^^^^^^^^
  File "C:\Users\rprokopiev\Documents\Django\Sem\DjangoSem\.venv\Lib\site-packages\django\template\loader_tags.py", line 159, in render
    return compiled_parent._render(context)
           ^^^^^^^^^^^^^^^^^^^^^^^^^^^^^^^^
  File "C:\Users\rprokopiev\Documents\Django\Sem\DjangoSem\.venv\Lib\site-packages\django\template\base.py", line 163, in _render
    return self.nodelist.render(context)
           ^^^^^^^^^^^^^^^^^^^^^^^^^^^^^
  File "C:\Users\rprokopiev\Documents\Django\Sem\DjangoSem\.venv\Lib\site-packages\django\template\base.py", line 1000, in render
    return SafeString("".join([node.render_annotated(context) for node in self]))
                               ^^^^^^^^^^^^^^^^^^^^^^^^^^^^^^
  File "C:\Users\rprokopiev\Documents\Django\Sem\DjangoSem\.venv\Lib\site-packages\django\template\base.py", line 961, in render_annotated
    return self.render(context)
           ^^^^^^^^^^^^^^^^^^^^
  File "C:\Users\rprokopiev\Documents\Django\Sem\DjangoSem\.venv\Lib\site-packages\django\template\loader_tags.py", line 65, in render
    result = block.nodelist.render(context)
             ^^^^^^^^^^^^^^^^^^^^^^^^^^^^^^
  File "C:\Users\rprokopiev\Documents\Django\Sem\DjangoSem\.venv\Lib\site-packages\django\template\base.py", line 1000, in render
    return SafeString("".join([node.render_annotated(context) for node in self]))
                               ^^^^^^^^^^^^^^^^^^^^^^^^^^^^^^
  File "C:\Users\rprokopiev\Documents\Django\Sem\DjangoSem\.venv\Lib\site-packages\django\template\base.py", line 961, in render_annotated
    return self.render(context)
           ^^^^^^^^^^^^^^^^^^^^
  File "C:\Users\rprokopiev\Documents\Django\Sem\DjangoSem\.venv\Lib\site-packages\django\template\defaulttags.py", line 197, in render
    values = list(values)
             ^^^^^^^^^^^^
TypeError: 'Article' object is not iterable
ERROR 2024-02-20 13:45:47,534 basehttp 18796 1304 "GET /articleapp/author_articles/44 HTTP/1.1" 500 138619
INFO 2024-02-20 13:46:31,059 autoreload 18796 1364 C:\Users\rprokopiev\Documents\Django\Sem\DjangoSem\myproject\articleapp\views.py changed, reloading.
INFO 2024-02-20 13:46:31,752 autoreload 22040 12660 Watching for file changes with StatReloader
INFO 2024-02-20 13:46:38,033 views 22040 15284 articleapp - articles_per_author
INFO 2024-02-20 13:46:38,043 basehttp 22040 15284 "GET /articleapp/author_articles/44 HTTP/1.1" 200 801
INFO 2024-02-20 13:47:03,502 views 22040 17464 articleapp - articles_per_author
INFO 2024-02-20 13:47:03,511 basehttp 22040 17464 "GET /articleapp/author_articles/44 HTTP/1.1" 200 775
INFO 2024-02-20 13:47:27,611 views 22040 17464 articleapp - articles_per_author
INFO 2024-02-20 13:47:27,617 basehttp 22040 17464 "GET /articleapp/author_articles/44 HTTP/1.1" 200 646
INFO 2024-02-20 13:47:48,562 views 22040 17464 articleapp - articles_per_author
INFO 2024-02-20 13:47:48,573 basehttp 22040 17464 "GET /articleapp/author_articles/44 HTTP/1.1" 200 669
INFO 2024-02-20 13:48:23,459 views 22040 17464 articleapp - articles_per_author
INFO 2024-02-20 13:48:23,464 basehttp 22040 17464 "GET /articleapp/author_articles/44 HTTP/1.1" 200 753
INFO 2024-02-20 13:57:39,375 autoreload 10508 9892 Watching for file changes with StatReloader
INFO 2024-02-20 13:57:46,545 views 10508 18348 articleapp - articles_per_author
INFO 2024-02-20 13:57:46,560 basehttp 10508 18348 "GET /articleapp/author_articles/44 HTTP/1.1" 200 783
WARNING 2024-02-20 13:57:48,233 log 10508 18348 Not Found: /articleapp/author_articles/article_view/38
WARNING 2024-02-20 13:57:48,235 basehttp 10508 18348 "GET /articleapp/author_articles/article_view/38 HTTP/1.1" 404 3221
INFO 2024-02-20 13:58:07,452 autoreload 10508 9892 C:\Users\rprokopiev\Documents\Django\Sem\DjangoSem\myproject\articleapp\urls.py changed, reloading.
INFO 2024-02-20 13:58:08,142 autoreload 12868 1764 Watching for file changes with StatReloader
INFO 2024-02-20 13:58:11,765 autoreload 12868 1764 C:\Users\rprokopiev\Documents\Django\Sem\DjangoSem\myproject\articleapp\urls.py changed, reloading.
INFO 2024-02-20 13:58:12,397 autoreload 20132 18716 Watching for file changes with StatReloader
WARNING 2024-02-20 13:58:15,100 log 20132 17444 Not Found: /articleapp/author_articles/article_view/38
WARNING 2024-02-20 13:58:15,102 basehttp 20132 17444 "GET /articleapp/author_articles/article_view/38 HTTP/1.1" 404 3430
INFO 2024-02-20 14:01:26,526 autoreload 20132 18716 C:\Users\rprokopiev\Documents\Django\Sem\DjangoSem\myproject\articleapp\urls.py changed, reloading.
INFO 2024-02-20 14:01:27,226 autoreload 17372 14228 Watching for file changes with StatReloader
WARNING 2024-02-20 14:01:30,051 log 17372 12848 Not Found: /articleapp/author_articles/article_view/38
WARNING 2024-02-20 14:01:30,052 basehttp 17372 12848 "GET /articleapp/author_articles/article_view/38 HTTP/1.1" 404 3446
INFO 2024-02-20 14:02:36,635 autoreload 17372 14228 C:\Users\rprokopiev\Documents\Django\Sem\DjangoSem\myproject\articleapp\urls.py changed, reloading.
INFO 2024-02-20 14:02:37,330 autoreload 19276 13396 Watching for file changes with StatReloader
INFO 2024-02-20 14:02:45,353 autoreload 19276 13396 C:\Users\rprokopiev\Documents\Django\Sem\DjangoSem\myproject\articleapp\views.py changed, reloading.
INFO 2024-02-20 14:02:46,010 autoreload 13148 18372 Watching for file changes with StatReloader
INFO 2024-02-20 14:02:55,053 autoreload 13148 18372 C:\Users\rprokopiev\Documents\Django\Sem\DjangoSem\myproject\articleapp\views.py changed, reloading.
INFO 2024-02-20 14:02:55,669 autoreload 18888 17648 Watching for file changes with StatReloader
INFO 2024-02-20 14:03:02,667 autoreload 18888 17648 C:\Users\rprokopiev\Documents\Django\Sem\DjangoSem\myproject\articleapp\urls.py changed, reloading.
INFO 2024-02-20 14:03:03,298 autoreload 16436 9400 Watching for file changes with StatReloader
INFO 2024-02-20 14:03:26,909 views 16436 14504 articleapp - articles_per_author
INFO 2024-02-20 14:03:26,924 basehttp 16436 14504 "GET /articleapp/author_articles/44 HTTP/1.1" 200 783
WARNING 2024-02-20 14:03:28,705 log 16436 14504 Not Found: /articleapp/author_articles/article_view/38
WARNING 2024-02-20 14:03:28,707 basehttp 16436 14504 "GET /articleapp/author_articles/article_view/38 HTTP/1.1" 404 3435
INFO 2024-02-20 14:08:29,539 views 16436 12468 articleapp - articles_per_author
INFO 2024-02-20 14:08:29,549 basehttp 16436 12468 "GET /articleapp/author_articles/44 HTTP/1.1" 200 807
INFO 2024-02-20 14:08:31,690 views 16436 12468 articleapp - articles_view
INFO 2024-02-20 14:08:31,696 basehttp 16436 12468 "GET /articleapp/article_view/38 HTTP/1.1" 200 2678
INFO 2024-02-20 14:09:52,825 autoreload 16436 9400 C:\Users\rprokopiev\Documents\Django\Sem\DjangoSem\myproject\articleapp\views.py changed, reloading.
INFO 2024-02-20 14:09:53,504 autoreload 23340 3540 Watching for file changes with StatReloader
INFO 2024-02-20 14:10:01,470 views 23340 7300 articleapp - articles_view
INFO 2024-02-20 14:10:01,489 basehttp 23340 7300 "GET /articleapp/article_view/38 HTTP/1.1" 200 2678
INFO 2024-02-20 14:10:02,345 views 23340 7300 articleapp - articles_view
INFO 2024-02-20 14:10:02,375 basehttp 23340 7300 "GET /articleapp/article_view/38 HTTP/1.1" 200 2678
INFO 2024-02-20 14:27:39,532 autoreload 23340 3540 C:\Users\rprokopiev\Documents\Django\Sem\DjangoSem\myproject\articleapp\views.py changed, reloading.
INFO 2024-02-20 14:27:40,386 autoreload 21844 1528 Watching for file changes with StatReloader
INFO 2024-02-20 14:27:56,374 views 21844 5624 articleapp - articles_view
INFO 2024-02-20 14:27:56,402 basehttp 21844 5624 "GET /articleapp/article_view/38 HTTP/1.1" 200 2913
